ARM GAS  C:\Users\vmyhr\AppData\Local\Temp\ccOghNo7.s 			page 1


   1              		.cpu cortex-m4
   2              		.arch armv7e-m
   3              		.fpu fpv4-sp-d16
   4              		.eabi_attribute 27, 1
   5              		.eabi_attribute 28, 1
   6              		.eabi_attribute 20, 1
   7              		.eabi_attribute 21, 1
   8              		.eabi_attribute 23, 3
   9              		.eabi_attribute 24, 1
  10              		.eabi_attribute 25, 1
  11              		.eabi_attribute 26, 1
  12              		.eabi_attribute 30, 1
  13              		.eabi_attribute 34, 1
  14              		.eabi_attribute 18, 4
  15              		.file	"gpio.c"
  16              		.text
  17              	.Ltext0:
  18              		.cfi_sections	.debug_frame
  19              		.file 1 "Core/Src/gpio.c"
  20              		.section	.text.MX_GPIO_Init,"ax",%progbits
  21              		.align	1
  22              		.global	MX_GPIO_Init
  23              		.syntax unified
  24              		.thumb
  25              		.thumb_func
  27              	MX_GPIO_Init:
  28              	.LFB132:
   1:Core/Src/gpio.c **** /* USER CODE BEGIN Header */
   2:Core/Src/gpio.c **** /**
   3:Core/Src/gpio.c ****   ******************************************************************************
   4:Core/Src/gpio.c ****   * @file    gpio.c
   5:Core/Src/gpio.c ****   * @brief   This file provides code for the configuration
   6:Core/Src/gpio.c ****   *          of all used GPIO pins.
   7:Core/Src/gpio.c ****   ******************************************************************************
   8:Core/Src/gpio.c ****   * @attention
   9:Core/Src/gpio.c ****   *
  10:Core/Src/gpio.c ****   * Copyright (c) 2024 STMicroelectronics.
  11:Core/Src/gpio.c ****   * All rights reserved.
  12:Core/Src/gpio.c ****   *
  13:Core/Src/gpio.c ****   * This software is licensed under terms that can be found in the LICENSE file
  14:Core/Src/gpio.c ****   * in the root directory of this software component.
  15:Core/Src/gpio.c ****   * If no LICENSE file comes with this software, it is provided AS-IS.
  16:Core/Src/gpio.c ****   *
  17:Core/Src/gpio.c ****   ******************************************************************************
  18:Core/Src/gpio.c ****   */
  19:Core/Src/gpio.c **** /* USER CODE END Header */
  20:Core/Src/gpio.c **** 
  21:Core/Src/gpio.c **** /* Includes ------------------------------------------------------------------*/
  22:Core/Src/gpio.c **** #include "gpio.h"
  23:Core/Src/gpio.c **** 
  24:Core/Src/gpio.c **** /* USER CODE BEGIN 0 */
  25:Core/Src/gpio.c **** 
  26:Core/Src/gpio.c **** /* USER CODE END 0 */
  27:Core/Src/gpio.c **** 
  28:Core/Src/gpio.c **** /*----------------------------------------------------------------------------*/
  29:Core/Src/gpio.c **** /* Configure GPIO                                                             */
  30:Core/Src/gpio.c **** /*----------------------------------------------------------------------------*/
ARM GAS  C:\Users\vmyhr\AppData\Local\Temp\ccOghNo7.s 			page 2


  31:Core/Src/gpio.c **** /* USER CODE BEGIN 1 */
  32:Core/Src/gpio.c **** 
  33:Core/Src/gpio.c **** /* USER CODE END 1 */
  34:Core/Src/gpio.c **** 
  35:Core/Src/gpio.c **** /** Configure pins as
  36:Core/Src/gpio.c ****         * Analog
  37:Core/Src/gpio.c ****         * Input
  38:Core/Src/gpio.c ****         * Output
  39:Core/Src/gpio.c ****         * EVENT_OUT
  40:Core/Src/gpio.c ****         * EXTI
  41:Core/Src/gpio.c **** */
  42:Core/Src/gpio.c **** void MX_GPIO_Init(void)
  43:Core/Src/gpio.c **** {
  29              		.loc 1 43 1 view -0
  30              		.cfi_startproc
  31              		@ args = 0, pretend = 0, frame = 32
  32              		@ frame_needed = 0, uses_anonymous_args = 0
  33 0000 70B5     		push	{r4, r5, r6, lr}
  34              		.cfi_def_cfa_offset 16
  35              		.cfi_offset 4, -16
  36              		.cfi_offset 5, -12
  37              		.cfi_offset 6, -8
  38              		.cfi_offset 14, -4
  39 0002 88B0     		sub	sp, sp, #32
  40              		.cfi_def_cfa_offset 48
  44:Core/Src/gpio.c **** 
  45:Core/Src/gpio.c ****   GPIO_InitTypeDef GPIO_InitStruct = {0};
  41              		.loc 1 45 3 view .LVU1
  42              		.loc 1 45 20 is_stmt 0 view .LVU2
  43 0004 0024     		movs	r4, #0
  44 0006 0394     		str	r4, [sp, #12]
  45 0008 0494     		str	r4, [sp, #16]
  46 000a 0594     		str	r4, [sp, #20]
  47 000c 0694     		str	r4, [sp, #24]
  48 000e 0794     		str	r4, [sp, #28]
  46:Core/Src/gpio.c **** 
  47:Core/Src/gpio.c ****   /* GPIO Ports Clock Enable */
  48:Core/Src/gpio.c ****   __HAL_RCC_GPIOA_CLK_ENABLE();
  49              		.loc 1 48 3 is_stmt 1 view .LVU3
  50              	.LBB2:
  51              		.loc 1 48 3 view .LVU4
  52              		.loc 1 48 3 view .LVU5
  53 0010 2D4B     		ldr	r3, .L3
  54 0012 DA6C     		ldr	r2, [r3, #76]
  55 0014 42F00102 		orr	r2, r2, #1
  56 0018 DA64     		str	r2, [r3, #76]
  57              		.loc 1 48 3 view .LVU6
  58 001a DA6C     		ldr	r2, [r3, #76]
  59 001c 02F00102 		and	r2, r2, #1
  60 0020 0192     		str	r2, [sp, #4]
  61              		.loc 1 48 3 view .LVU7
  62 0022 019A     		ldr	r2, [sp, #4]
  63              	.LBE2:
  64              		.loc 1 48 3 view .LVU8
  49:Core/Src/gpio.c ****   __HAL_RCC_GPIOB_CLK_ENABLE();
  65              		.loc 1 49 3 view .LVU9
  66              	.LBB3:
ARM GAS  C:\Users\vmyhr\AppData\Local\Temp\ccOghNo7.s 			page 3


  67              		.loc 1 49 3 view .LVU10
  68              		.loc 1 49 3 view .LVU11
  69 0024 DA6C     		ldr	r2, [r3, #76]
  70 0026 42F00202 		orr	r2, r2, #2
  71 002a DA64     		str	r2, [r3, #76]
  72              		.loc 1 49 3 view .LVU12
  73 002c DB6C     		ldr	r3, [r3, #76]
  74 002e 03F00203 		and	r3, r3, #2
  75 0032 0293     		str	r3, [sp, #8]
  76              		.loc 1 49 3 view .LVU13
  77 0034 029B     		ldr	r3, [sp, #8]
  78              	.LBE3:
  79              		.loc 1 49 3 view .LVU14
  50:Core/Src/gpio.c **** 
  51:Core/Src/gpio.c ****   /*Configure GPIO pin Output Level */
  52:Core/Src/gpio.c ****   HAL_GPIO_WritePin(GPIOA, GPIO_OUT_TRANS8_Pin|GPIO_OUT_TRANS6_Pin|GPIO_OUT_TRANS2_Pin, GPIO_PIN_RE
  80              		.loc 1 52 3 view .LVU15
  81 0036 2246     		mov	r2, r4
  82 0038 4FF4B051 		mov	r1, #5632
  83 003c 4FF09040 		mov	r0, #1207959552
  84 0040 FFF7FEFF 		bl	HAL_GPIO_WritePin
  85              	.LVL0:
  53:Core/Src/gpio.c **** 
  54:Core/Src/gpio.c ****   /*Configure GPIO pin Output Level */
  55:Core/Src/gpio.c ****   HAL_GPIO_WritePin(GPIO_OUT_TRANS4_GPIO_Port, GPIO_OUT_TRANS4_Pin, GPIO_PIN_RESET);
  86              		.loc 1 55 3 view .LVU16
  87 0044 214D     		ldr	r5, .L3+4
  88 0046 2246     		mov	r2, r4
  89 0048 4021     		movs	r1, #64
  90 004a 2846     		mov	r0, r5
  91 004c FFF7FEFF 		bl	HAL_GPIO_WritePin
  92              	.LVL1:
  56:Core/Src/gpio.c **** 
  57:Core/Src/gpio.c ****   /*Configure GPIO pins : PAPin PAPin PAPin PAPin
  58:Core/Src/gpio.c ****                            PAPin PAPin */
  59:Core/Src/gpio.c ****   GPIO_InitStruct.Pin = GPIO_IN_DIO2_Pin|GPIO_IN_HELI_Pin|GPIO_IN_FOTO_Pin|GPIO_IN_DIO4_Pin
  93              		.loc 1 59 3 view .LVU17
  94              		.loc 1 59 23 is_stmt 0 view .LVU18
  95 0050 40F29713 		movw	r3, #407
  96 0054 0393     		str	r3, [sp, #12]
  60:Core/Src/gpio.c ****                           |GPIO_IN_MAGN_Pin|GPIO_IN_DIO3_Pin;
  61:Core/Src/gpio.c ****   GPIO_InitStruct.Mode = GPIO_MODE_INPUT;
  97              		.loc 1 61 3 is_stmt 1 view .LVU19
  98              		.loc 1 61 24 is_stmt 0 view .LVU20
  99 0056 0494     		str	r4, [sp, #16]
  62:Core/Src/gpio.c ****   GPIO_InitStruct.Pull = GPIO_NOPULL;
 100              		.loc 1 62 3 is_stmt 1 view .LVU21
 101              		.loc 1 62 24 is_stmt 0 view .LVU22
 102 0058 0594     		str	r4, [sp, #20]
  63:Core/Src/gpio.c ****   HAL_GPIO_Init(GPIOA, &GPIO_InitStruct);
 103              		.loc 1 63 3 is_stmt 1 view .LVU23
 104 005a 03A9     		add	r1, sp, #12
 105 005c 4FF09040 		mov	r0, #1207959552
 106 0060 FFF7FEFF 		bl	HAL_GPIO_Init
 107              	.LVL2:
  64:Core/Src/gpio.c **** 
  65:Core/Src/gpio.c ****   /*Configure GPIO pin : PtPin */
ARM GAS  C:\Users\vmyhr\AppData\Local\Temp\ccOghNo7.s 			page 4


  66:Core/Src/gpio.c ****   GPIO_InitStruct.Pin = GPIO_IN_DIO1_Pin;
 108              		.loc 1 66 3 view .LVU24
 109              		.loc 1 66 23 is_stmt 0 view .LVU25
 110 0064 0126     		movs	r6, #1
 111 0066 0396     		str	r6, [sp, #12]
  67:Core/Src/gpio.c ****   GPIO_InitStruct.Mode = GPIO_MODE_INPUT;
 112              		.loc 1 67 3 is_stmt 1 view .LVU26
 113              		.loc 1 67 24 is_stmt 0 view .LVU27
 114 0068 0494     		str	r4, [sp, #16]
  68:Core/Src/gpio.c ****   GPIO_InitStruct.Pull = GPIO_NOPULL;
 115              		.loc 1 68 3 is_stmt 1 view .LVU28
 116              		.loc 1 68 24 is_stmt 0 view .LVU29
 117 006a 0594     		str	r4, [sp, #20]
  69:Core/Src/gpio.c ****   HAL_GPIO_Init(GPIO_IN_DIO1_GPIO_Port, &GPIO_InitStruct);
 118              		.loc 1 69 3 is_stmt 1 view .LVU30
 119 006c 03A9     		add	r1, sp, #12
 120 006e 2846     		mov	r0, r5
 121 0070 FFF7FEFF 		bl	HAL_GPIO_Init
 122              	.LVL3:
  70:Core/Src/gpio.c **** 
  71:Core/Src/gpio.c ****   /*Configure GPIO pins : PAPin PAPin PAPin */
  72:Core/Src/gpio.c ****   GPIO_InitStruct.Pin = GPIO_OUT_TRANS8_Pin|GPIO_OUT_TRANS6_Pin|GPIO_OUT_TRANS2_Pin;
 123              		.loc 1 72 3 view .LVU31
 124              		.loc 1 72 23 is_stmt 0 view .LVU32
 125 0074 4FF4B053 		mov	r3, #5632
 126 0078 0393     		str	r3, [sp, #12]
  73:Core/Src/gpio.c ****   GPIO_InitStruct.Mode = GPIO_MODE_OUTPUT_PP;
 127              		.loc 1 73 3 is_stmt 1 view .LVU33
 128              		.loc 1 73 24 is_stmt 0 view .LVU34
 129 007a 0496     		str	r6, [sp, #16]
  74:Core/Src/gpio.c ****   GPIO_InitStruct.Pull = GPIO_NOPULL;
 130              		.loc 1 74 3 is_stmt 1 view .LVU35
 131              		.loc 1 74 24 is_stmt 0 view .LVU36
 132 007c 0594     		str	r4, [sp, #20]
  75:Core/Src/gpio.c ****   GPIO_InitStruct.Speed = GPIO_SPEED_FREQ_LOW;
 133              		.loc 1 75 3 is_stmt 1 view .LVU37
 134              		.loc 1 75 25 is_stmt 0 view .LVU38
 135 007e 0694     		str	r4, [sp, #24]
  76:Core/Src/gpio.c ****   HAL_GPIO_Init(GPIOA, &GPIO_InitStruct);
 136              		.loc 1 76 3 is_stmt 1 view .LVU39
 137 0080 03A9     		add	r1, sp, #12
 138 0082 4FF09040 		mov	r0, #1207959552
 139 0086 FFF7FEFF 		bl	HAL_GPIO_Init
 140              	.LVL4:
  77:Core/Src/gpio.c **** 
  78:Core/Src/gpio.c ****   /*Configure GPIO pin : PtPin */
  79:Core/Src/gpio.c ****   GPIO_InitStruct.Pin = CS_Pin;
 141              		.loc 1 79 3 view .LVU40
 142              		.loc 1 79 23 is_stmt 0 view .LVU41
 143 008a 4FF40063 		mov	r3, #2048
 144 008e 0393     		str	r3, [sp, #12]
  80:Core/Src/gpio.c ****   GPIO_InitStruct.Mode = GPIO_MODE_IT_FALLING;
 145              		.loc 1 80 3 is_stmt 1 view .LVU42
 146              		.loc 1 80 24 is_stmt 0 view .LVU43
 147 0090 4FF40413 		mov	r3, #2162688
 148 0094 0493     		str	r3, [sp, #16]
  81:Core/Src/gpio.c ****   GPIO_InitStruct.Pull = GPIO_NOPULL;
ARM GAS  C:\Users\vmyhr\AppData\Local\Temp\ccOghNo7.s 			page 5


 149              		.loc 1 81 3 is_stmt 1 view .LVU44
 150              		.loc 1 81 24 is_stmt 0 view .LVU45
 151 0096 0594     		str	r4, [sp, #20]
  82:Core/Src/gpio.c ****   HAL_GPIO_Init(CS_GPIO_Port, &GPIO_InitStruct);
 152              		.loc 1 82 3 is_stmt 1 view .LVU46
 153 0098 03A9     		add	r1, sp, #12
 154 009a 4FF09040 		mov	r0, #1207959552
 155 009e FFF7FEFF 		bl	HAL_GPIO_Init
 156              	.LVL5:
  83:Core/Src/gpio.c **** 
  84:Core/Src/gpio.c ****   /*Configure GPIO pin : PtPin */
  85:Core/Src/gpio.c ****   GPIO_InitStruct.Pin = GPIO_OUT_TRANS4_Pin;
 157              		.loc 1 85 3 view .LVU47
 158              		.loc 1 85 23 is_stmt 0 view .LVU48
 159 00a2 4023     		movs	r3, #64
 160 00a4 0393     		str	r3, [sp, #12]
  86:Core/Src/gpio.c ****   GPIO_InitStruct.Mode = GPIO_MODE_OUTPUT_PP;
 161              		.loc 1 86 3 is_stmt 1 view .LVU49
 162              		.loc 1 86 24 is_stmt 0 view .LVU50
 163 00a6 0496     		str	r6, [sp, #16]
  87:Core/Src/gpio.c ****   GPIO_InitStruct.Pull = GPIO_NOPULL;
 164              		.loc 1 87 3 is_stmt 1 view .LVU51
 165              		.loc 1 87 24 is_stmt 0 view .LVU52
 166 00a8 0594     		str	r4, [sp, #20]
  88:Core/Src/gpio.c ****   GPIO_InitStruct.Speed = GPIO_SPEED_FREQ_LOW;
 167              		.loc 1 88 3 is_stmt 1 view .LVU53
 168              		.loc 1 88 25 is_stmt 0 view .LVU54
 169 00aa 0694     		str	r4, [sp, #24]
  89:Core/Src/gpio.c ****   HAL_GPIO_Init(GPIO_OUT_TRANS4_GPIO_Port, &GPIO_InitStruct);
 170              		.loc 1 89 3 is_stmt 1 view .LVU55
 171 00ac 03A9     		add	r1, sp, #12
 172 00ae 2846     		mov	r0, r5
 173 00b0 FFF7FEFF 		bl	HAL_GPIO_Init
 174              	.LVL6:
  90:Core/Src/gpio.c **** 
  91:Core/Src/gpio.c ****   /* EXTI interrupt init*/
  92:Core/Src/gpio.c ****   HAL_NVIC_SetPriority(EXTI15_10_IRQn, 0, 0);
 175              		.loc 1 92 3 view .LVU56
 176 00b4 2246     		mov	r2, r4
 177 00b6 2146     		mov	r1, r4
 178 00b8 2820     		movs	r0, #40
 179 00ba FFF7FEFF 		bl	HAL_NVIC_SetPriority
 180              	.LVL7:
  93:Core/Src/gpio.c ****   HAL_NVIC_EnableIRQ(EXTI15_10_IRQn);
 181              		.loc 1 93 3 view .LVU57
 182 00be 2820     		movs	r0, #40
 183 00c0 FFF7FEFF 		bl	HAL_NVIC_EnableIRQ
 184              	.LVL8:
  94:Core/Src/gpio.c **** 
  95:Core/Src/gpio.c **** }
 185              		.loc 1 95 1 is_stmt 0 view .LVU58
 186 00c4 08B0     		add	sp, sp, #32
 187              		.cfi_def_cfa_offset 16
 188              		@ sp needed
 189 00c6 70BD     		pop	{r4, r5, r6, pc}
 190              	.L4:
 191              		.align	2
ARM GAS  C:\Users\vmyhr\AppData\Local\Temp\ccOghNo7.s 			page 6


 192              	.L3:
 193 00c8 00100240 		.word	1073876992
 194 00cc 00040048 		.word	1207960576
 195              		.cfi_endproc
 196              	.LFE132:
 198              		.text
 199              	.Letext0:
 200              		.file 2 "Drivers/CMSIS/Device/ST/STM32G4xx/Include/stm32g431xx.h"
 201              		.file 3 "C:/Users/vmyhr/AppData/Roaming/Code/User/globalStorage/bmd.stm32-for-vscode/@xpack-dev-to
 202              		.file 4 "C:/Users/vmyhr/AppData/Roaming/Code/User/globalStorage/bmd.stm32-for-vscode/@xpack-dev-to
 203              		.file 5 "Drivers/STM32G4xx_HAL_Driver/Inc/stm32g4xx_hal_gpio.h"
 204              		.file 6 "Drivers/STM32G4xx_HAL_Driver/Inc/stm32g4xx_hal_cortex.h"
ARM GAS  C:\Users\vmyhr\AppData\Local\Temp\ccOghNo7.s 			page 7


DEFINED SYMBOLS
                            *ABS*:00000000 gpio.c
C:\Users\vmyhr\AppData\Local\Temp\ccOghNo7.s:21     .text.MX_GPIO_Init:00000000 $t
C:\Users\vmyhr\AppData\Local\Temp\ccOghNo7.s:27     .text.MX_GPIO_Init:00000000 MX_GPIO_Init
C:\Users\vmyhr\AppData\Local\Temp\ccOghNo7.s:193    .text.MX_GPIO_Init:000000c8 $d

UNDEFINED SYMBOLS
HAL_GPIO_WritePin
HAL_GPIO_Init
HAL_NVIC_SetPriority
HAL_NVIC_EnableIRQ
