ARM GAS  C:\Users\vmyhr\AppData\Local\Temp\ccnIvQxj.s 			page 1


   1              		.cpu cortex-m4
   2              		.arch armv7e-m
   3              		.fpu fpv4-sp-d16
   4              		.eabi_attribute 27, 1
   5              		.eabi_attribute 28, 1
   6              		.eabi_attribute 20, 1
   7              		.eabi_attribute 21, 1
   8              		.eabi_attribute 23, 3
   9              		.eabi_attribute 24, 1
  10              		.eabi_attribute 25, 1
  11              		.eabi_attribute 26, 1
  12              		.eabi_attribute 30, 1
  13              		.eabi_attribute 34, 1
  14              		.eabi_attribute 18, 4
  15              		.file	"main.c"
  16              		.text
  17              	.Ltext0:
  18              		.cfi_sections	.debug_frame
  19              		.file 1 "Core/Src/main.c"
  20              		.section	.text.Error_Handler,"ax",%progbits
  21              		.align	1
  22              		.global	Error_Handler
  23              		.syntax unified
  24              		.thumb
  25              		.thumb_func
  27              	Error_Handler:
  28              	.LFB137:
   1:Core/Src/main.c **** /* USER CODE BEGIN Header */
   2:Core/Src/main.c **** /**
   3:Core/Src/main.c ****   ******************************************************************************
   4:Core/Src/main.c ****   * @file           : main.c
   5:Core/Src/main.c ****   * @brief          : Main program body
   6:Core/Src/main.c ****   ******************************************************************************
   7:Core/Src/main.c ****   * @attention
   8:Core/Src/main.c ****   *
   9:Core/Src/main.c ****   * Copyright (c) 2024 STMicroelectronics.
  10:Core/Src/main.c ****   * All rights reserved.
  11:Core/Src/main.c ****   *
  12:Core/Src/main.c ****   * This software is licensed under terms that can be found in the LICENSE file
  13:Core/Src/main.c ****   * in the root directory of this software component.
  14:Core/Src/main.c ****   * If no LICENSE file comes with this software, it is provided AS-IS.
  15:Core/Src/main.c ****   *
  16:Core/Src/main.c ****   ******************************************************************************
  17:Core/Src/main.c ****   */
  18:Core/Src/main.c **** /* USER CODE END Header */
  19:Core/Src/main.c **** /* Includes ------------------------------------------------------------------*/
  20:Core/Src/main.c **** #include "main.h"
  21:Core/Src/main.c **** #include "i2c.h"
  22:Core/Src/main.c **** #include "spi.h"
  23:Core/Src/main.c **** #include "gpio.h"
  24:Core/Src/main.c **** 
  25:Core/Src/main.c **** /* Private includes ----------------------------------------------------------*/
  26:Core/Src/main.c **** /* USER CODE BEGIN Includes */
  27:Core/Src/main.c **** #include "ms5803.h"
  28:Core/Src/main.c **** #include "stdlib.h"
  29:Core/Src/main.c **** #include "stdio.h"
  30:Core/Src/main.c **** #include "string.h"
ARM GAS  C:\Users\vmyhr\AppData\Local\Temp\ccnIvQxj.s 			page 2


  31:Core/Src/main.c **** #include "stdint.h"
  32:Core/Src/main.c **** /* USER CODE END Includes */
  33:Core/Src/main.c **** 
  34:Core/Src/main.c **** /* Private typedef -----------------------------------------------------------*/
  35:Core/Src/main.c **** /* USER CODE BEGIN PTD */
  36:Core/Src/main.c **** 
  37:Core/Src/main.c **** /* USER CODE END PTD */
  38:Core/Src/main.c **** 
  39:Core/Src/main.c **** /* Private define ------------------------------------------------------------*/
  40:Core/Src/main.c **** /* USER CODE BEGIN PD */
  41:Core/Src/main.c **** 
  42:Core/Src/main.c **** /* USER CODE END PD */
  43:Core/Src/main.c **** 
  44:Core/Src/main.c **** /* Private macro -------------------------------------------------------------*/
  45:Core/Src/main.c **** /* USER CODE BEGIN PM */
  46:Core/Src/main.c **** 
  47:Core/Src/main.c **** /* USER CODE END PM */
  48:Core/Src/main.c **** 
  49:Core/Src/main.c **** /* Private variables ---------------------------------------------------------*/
  50:Core/Src/main.c **** 
  51:Core/Src/main.c **** /* USER CODE BEGIN PV */
  52:Core/Src/main.c **** uint16_t MS5803_coefficient[6];
  53:Core/Src/main.c **** #define NUM_MEASUREMENTS 1200
  54:Core/Src/main.c ****   volatile uint8_t tellerflagg = 0u;
  55:Core/Src/main.c **** 
  56:Core/Src/main.c **** /* USER CODE END PV */
  57:Core/Src/main.c **** 
  58:Core/Src/main.c **** /* Private function prototypes -----------------------------------------------*/
  59:Core/Src/main.c **** void SystemClock_Config(void);
  60:Core/Src/main.c **** /* USER CODE BEGIN PFP */
  61:Core/Src/main.c **** 
  62:Core/Src/main.c **** /* USER CODE END PFP */
  63:Core/Src/main.c **** 
  64:Core/Src/main.c **** /* Private user code ---------------------------------------------------------*/
  65:Core/Src/main.c **** /* USER CODE BEGIN 0 */
  66:Core/Src/main.c **** 
  67:Core/Src/main.c **** /* USER CODE END 0 */
  68:Core/Src/main.c **** 
  69:Core/Src/main.c **** /**
  70:Core/Src/main.c ****   * @brief  The application entry point.
  71:Core/Src/main.c ****   * @retval int
  72:Core/Src/main.c ****   */
  73:Core/Src/main.c **** int main(void)
  74:Core/Src/main.c **** {
  75:Core/Src/main.c **** 
  76:Core/Src/main.c ****   /* USER CODE BEGIN 1 */
  77:Core/Src/main.c **** 
  78:Core/Src/main.c ****   /* USER CODE END 1 */
  79:Core/Src/main.c **** 
  80:Core/Src/main.c ****   /* MCU Configuration--------------------------------------------------------*/
  81:Core/Src/main.c **** 
  82:Core/Src/main.c ****   /* Reset of all peripherals, Initializes the Flash interface and the Systick. */
  83:Core/Src/main.c ****   HAL_Init();
  84:Core/Src/main.c **** 
  85:Core/Src/main.c ****   /* USER CODE BEGIN Init */
  86:Core/Src/main.c **** 
  87:Core/Src/main.c ****   /* USER CODE END Init */
ARM GAS  C:\Users\vmyhr\AppData\Local\Temp\ccnIvQxj.s 			page 3


  88:Core/Src/main.c **** 
  89:Core/Src/main.c ****   /* Configure the system clock */
  90:Core/Src/main.c ****   SystemClock_Config();
  91:Core/Src/main.c **** 
  92:Core/Src/main.c ****   /* USER CODE BEGIN SysInit */
  93:Core/Src/main.c **** 
  94:Core/Src/main.c ****   /* USER CODE END SysInit */
  95:Core/Src/main.c **** 
  96:Core/Src/main.c ****   /* Initialize all configured peripherals */
  97:Core/Src/main.c ****   MX_GPIO_Init();
  98:Core/Src/main.c ****   MX_I2C1_Init();
  99:Core/Src/main.c ****   MX_SPI3_Init();
 100:Core/Src/main.c ****   /* USER CODE BEGIN 2 */
 101:Core/Src/main.c ****   float pressureMeasurements[NUM_MEASUREMENTS]; // Array to store pressure measurements
 102:Core/Src/main.c ****   int measurementIndex = 0; // Index for the next measurement to be stored
 103:Core/Src/main.c ****   uint32_t lastMeasurementTime = 0; // Timestamp of the last measurement
 104:Core/Src/main.c ****   //HAL_GPIO_WritePin(GPIOA,GPIO_PIN_8,GPIO_PIN_SET);
 105:Core/Src/main.c ****   //while(1){
 106:Core/Src/main.c ****     //volatile GPIO_PinState proxvalue = HAL_GPIO_ReadPin(GPIOA,GPIO_PIN_7); // Måling av verdi fr
 107:Core/Src/main.c **** 
 108:Core/Src/main.c ****   //} 
 109:Core/Src/main.c ****     //HAL_StatusTypeDef test = MS5803_reset(&hi2c1); //reset
 110:Core/Src/main.c ****     //uint8_t gps_address = (0x42 << 1);
 111:Core/Src/main.c ****     //HAL_StatusTypeDef test_device = HAL_I2C_IsDeviceReady(&hi2c1, gps_address, 10, 1000);
 112:Core/Src/main.c ****     uint8_t dev_address = (0x76 << 1);
 113:Core/Src/main.c ****     HAL_StatusTypeDef test_device = HAL_I2C_IsDeviceReady(&hi2c1, dev_address, 10, 1000);
 114:Core/Src/main.c ****   while(test_device == HAL_ERROR) {
 115:Core/Src/main.c **** 	  // if the test fails
 116:Core/Src/main.c ****   }
 117:Core/Src/main.c ****   for(int i = 1; i <= 6; i++) {
 118:Core/Src/main.c **** 	      MS5803_coeff(&hi2c1, &MS5803_coefficient[i-1], i); //get coefficients
 119:Core/Src/main.c ****         } 
 120:Core/Src/main.c ****    
 121:Core/Src/main.c ****   /* USER CODE END 2 */
 122:Core/Src/main.c **** 
 123:Core/Src/main.c ****   /* Infinite loop */
 124:Core/Src/main.c ****   /* USER CODE BEGIN WHILE */
 125:Core/Src/main.c ****     char print[32];
 126:Core/Src/main.c ****     //float temperature = 0.0f;
 127:Core/Src/main.c ****     //float pressure = 0.0f;
 128:Core/Src/main.c ****     float temperature, pressure;
 129:Core/Src/main.c ****     memset(pressureMeasurements, 0, sizeof(pressureMeasurements));
 130:Core/Src/main.c ****   // while (1)
 131:Core/Src/main.c ****   // {
 132:Core/Src/main.c ****   //   MS5803_get_values(&hi2c1, ADC_256, &temperature, &pressure);
 133:Core/Src/main.c ****   //   HAL_Delay(10);
 134:Core/Src/main.c ****     
 135:Core/Src/main.c ****     /* USER CODE END WHILE */
 136:Core/Src/main.c **** 
 137:Core/Src/main.c ****     /* USER CODE BEGIN 3 */
 138:Core/Src/main.c ****   // }
 139:Core/Src/main.c ****   while (1)
 140:Core/Src/main.c ****   {
 141:Core/Src/main.c **** 
 142:Core/Src/main.c ****   volatile GPIO_PinState dio1_em1 = HAL_GPIO_ReadPin(GPIO_IN_DIO1_GPIO_Port,GPIO_IN_DIO1_Pin); // M
 143:Core/Src/main.c ****   volatile GPIO_PinState dio2_em2 = HAL_GPIO_ReadPin(GPIO_IN_DIO2_GPIO_Port,GPIO_IN_DIO2_Pin); // M
 144:Core/Src/main.c ****   volatile GPIO_PinState dio3_td1 = HAL_GPIO_ReadPin(GPIO_IN_DIO3_GPIO_Port,GPIO_IN_DIO3_Pin); // M
ARM GAS  C:\Users\vmyhr\AppData\Local\Temp\ccnIvQxj.s 			page 4


 145:Core/Src/main.c ****   volatile GPIO_PinState dio4_td2 = HAL_GPIO_ReadPin(GPIO_IN_DIO4_GPIO_Port,GPIO_IN_DIO4_Pin); // M
 146:Core/Src/main.c ****   volatile GPIO_PinState foto = HAL_GPIO_ReadPin(GPIO_IN_FOTO_GPIO_Port,GPIO_IN_FOTO_Pin); // Måli
 147:Core/Src/main.c ****   volatile GPIO_PinState magn = HAL_GPIO_ReadPin(GPIO_IN_MAGN_GPIO_Port,GPIO_IN_MAGN_Pin); // Måli
 148:Core/Src/main.c **** 
 149:Core/Src/main.c ****   volatile GPIO_PinState heli = HAL_GPIO_ReadPin(GPIO_IN_HELI_GPIO_Port,GPIO_IN_HELI_Pin); // avles
 150:Core/Src/main.c ****     if (magn == GPIO_PIN_SET && foto == GPIO_PIN_RESET && heli == GPIO_PIN_RESET){
 151:Core/Src/main.c ****       HAL_GPIO_WritePin(GPIO_OUT_TRANS2_GPIO_Port,GPIO_OUT_TRANS2_Pin,GPIO_PIN_SET);
 152:Core/Src/main.c ****     }else{  
 153:Core/Src/main.c ****       HAL_GPIO_WritePin(GPIO_OUT_TRANS2_GPIO_Port,GPIO_OUT_TRANS2_Pin,GPIO_PIN_RESET);
 154:Core/Src/main.c ****     }
 155:Core/Src/main.c ****     if (magn == GPIO_PIN_RESET && foto == GPIO_PIN_SET && heli == GPIO_PIN_SET){ 
 156:Core/Src/main.c ****       //tellerflagg = 1;
 157:Core/Src/main.c ****       HAL_GPIO_WritePin(GPIO_OUT_TRANS8_GPIO_Port,GPIO_OUT_TRANS8_Pin,GPIO_PIN_SET);
 158:Core/Src/main.c ****     }else { 
 159:Core/Src/main.c ****       HAL_GPIO_WritePin(GPIO_OUT_TRANS8_GPIO_Port,GPIO_OUT_TRANS8_Pin,GPIO_PIN_RESET);
 160:Core/Src/main.c ****     }
 161:Core/Src/main.c ****   MS5803_get_values(&hi2c1, ADC_4096, &temperature, &pressure);
 162:Core/Src/main.c ****       if (measurementIndex < NUM_MEASUREMENTS) {
 163:Core/Src/main.c ****         pressureMeasurements[measurementIndex] = pressure; // Store the pressure measurement
 164:Core/Src/main.c ****         measurementIndex++; // Move to the next index for the next measurement
 165:Core/Src/main.c ****       } else {
 166:Core/Src/main.c ****         measurementIndex = 0; // Uncomment this line to start measurements over
 167:Core/Src/main.c ****         
 168:Core/Src/main.c ****       }
 169:Core/Src/main.c ****       lastMeasurementTime = HAL_GetTick(); // Update the timestamp of the last measurement
 170:Core/Src/main.c ****     }
 171:Core/Src/main.c ****     
 172:Core/Src/main.c ****     // Other tasks can be done here
 173:Core/Src/main.c ****   }
 174:Core/Src/main.c ****   /* USER CODE END 3 */
 175:Core/Src/main.c **** 
 176:Core/Src/main.c **** /**
 177:Core/Src/main.c ****   * @brief System Clock Configuration
 178:Core/Src/main.c ****   * @retval None
 179:Core/Src/main.c ****   */
 180:Core/Src/main.c **** void SystemClock_Config(void)
 181:Core/Src/main.c **** {
 182:Core/Src/main.c ****   RCC_OscInitTypeDef RCC_OscInitStruct = {0};
 183:Core/Src/main.c ****   RCC_ClkInitTypeDef RCC_ClkInitStruct = {0};
 184:Core/Src/main.c **** 
 185:Core/Src/main.c ****   /** Configure the main internal regulator output voltage
 186:Core/Src/main.c ****   */
 187:Core/Src/main.c ****   HAL_PWREx_ControlVoltageScaling(PWR_REGULATOR_VOLTAGE_SCALE1_BOOST);
 188:Core/Src/main.c **** 
 189:Core/Src/main.c ****   /** Initializes the RCC Oscillators according to the specified parameters
 190:Core/Src/main.c ****   * in the RCC_OscInitTypeDef structure.
 191:Core/Src/main.c ****   */
 192:Core/Src/main.c ****   RCC_OscInitStruct.OscillatorType = RCC_OSCILLATORTYPE_HSI;
 193:Core/Src/main.c ****   RCC_OscInitStruct.HSIState = RCC_HSI_ON;
 194:Core/Src/main.c ****   RCC_OscInitStruct.HSICalibrationValue = RCC_HSICALIBRATION_DEFAULT;
 195:Core/Src/main.c ****   RCC_OscInitStruct.PLL.PLLState = RCC_PLL_ON;
 196:Core/Src/main.c ****   RCC_OscInitStruct.PLL.PLLSource = RCC_PLLSOURCE_HSI;
 197:Core/Src/main.c ****   RCC_OscInitStruct.PLL.PLLM = RCC_PLLM_DIV4;
 198:Core/Src/main.c ****   RCC_OscInitStruct.PLL.PLLN = 85;
 199:Core/Src/main.c ****   RCC_OscInitStruct.PLL.PLLP = RCC_PLLP_DIV2;
 200:Core/Src/main.c ****   RCC_OscInitStruct.PLL.PLLQ = RCC_PLLQ_DIV2;
 201:Core/Src/main.c ****   RCC_OscInitStruct.PLL.PLLR = RCC_PLLR_DIV2;
ARM GAS  C:\Users\vmyhr\AppData\Local\Temp\ccnIvQxj.s 			page 5


 202:Core/Src/main.c ****   if (HAL_RCC_OscConfig(&RCC_OscInitStruct) != HAL_OK)
 203:Core/Src/main.c ****   {
 204:Core/Src/main.c ****     Error_Handler();
 205:Core/Src/main.c ****   }
 206:Core/Src/main.c **** 
 207:Core/Src/main.c ****   /** Initializes the CPU, AHB and APB buses clocks
 208:Core/Src/main.c ****   */
 209:Core/Src/main.c ****   RCC_ClkInitStruct.ClockType = RCC_CLOCKTYPE_HCLK|RCC_CLOCKTYPE_SYSCLK
 210:Core/Src/main.c ****                               |RCC_CLOCKTYPE_PCLK1|RCC_CLOCKTYPE_PCLK2;
 211:Core/Src/main.c ****   RCC_ClkInitStruct.SYSCLKSource = RCC_SYSCLKSOURCE_PLLCLK;
 212:Core/Src/main.c ****   RCC_ClkInitStruct.AHBCLKDivider = RCC_SYSCLK_DIV1;
 213:Core/Src/main.c ****   RCC_ClkInitStruct.APB1CLKDivider = RCC_HCLK_DIV1;
 214:Core/Src/main.c ****   RCC_ClkInitStruct.APB2CLKDivider = RCC_HCLK_DIV1;
 215:Core/Src/main.c **** 
 216:Core/Src/main.c ****   if (HAL_RCC_ClockConfig(&RCC_ClkInitStruct, FLASH_LATENCY_4) != HAL_OK)
 217:Core/Src/main.c ****   {
 218:Core/Src/main.c ****     Error_Handler();
 219:Core/Src/main.c ****   }
 220:Core/Src/main.c **** }
 221:Core/Src/main.c **** 
 222:Core/Src/main.c **** /* USER CODE BEGIN 4 */
 223:Core/Src/main.c **** 
 224:Core/Src/main.c **** /* USER CODE END 4 */
 225:Core/Src/main.c **** 
 226:Core/Src/main.c **** /**
 227:Core/Src/main.c ****   * @brief  This function is executed in case of error occurrence.
 228:Core/Src/main.c ****   * @retval None
 229:Core/Src/main.c ****   */
 230:Core/Src/main.c **** void Error_Handler(void)
 231:Core/Src/main.c **** {
  29              		.loc 1 231 1 view -0
  30              		.cfi_startproc
  31              		@ Volatile: function does not return.
  32              		@ args = 0, pretend = 0, frame = 0
  33              		@ frame_needed = 0, uses_anonymous_args = 0
  34              		@ link register save eliminated.
 232:Core/Src/main.c ****   /* USER CODE BEGIN Error_Handler_Debug */
 233:Core/Src/main.c ****   /* User can add his own implementation to report the HAL error return state */
 234:Core/Src/main.c ****   __disable_irq();
  35              		.loc 1 234 3 view .LVU1
  36              	.LBB4:
  37              	.LBI4:
  38              		.file 2 "Drivers/CMSIS/Include/cmsis_gcc.h"
   1:Drivers/CMSIS/Include/cmsis_gcc.h **** /**************************************************************************//**
   2:Drivers/CMSIS/Include/cmsis_gcc.h ****  * @file     cmsis_gcc.h
   3:Drivers/CMSIS/Include/cmsis_gcc.h ****  * @brief    CMSIS compiler GCC header file
   4:Drivers/CMSIS/Include/cmsis_gcc.h ****  * @version  V5.2.0
   5:Drivers/CMSIS/Include/cmsis_gcc.h ****  * @date     08. May 2019
   6:Drivers/CMSIS/Include/cmsis_gcc.h ****  ******************************************************************************/
   7:Drivers/CMSIS/Include/cmsis_gcc.h **** /*
   8:Drivers/CMSIS/Include/cmsis_gcc.h ****  * Copyright (c) 2009-2019 Arm Limited. All rights reserved.
   9:Drivers/CMSIS/Include/cmsis_gcc.h ****  *
  10:Drivers/CMSIS/Include/cmsis_gcc.h ****  * SPDX-License-Identifier: Apache-2.0
  11:Drivers/CMSIS/Include/cmsis_gcc.h ****  *
  12:Drivers/CMSIS/Include/cmsis_gcc.h ****  * Licensed under the Apache License, Version 2.0 (the License); you may
  13:Drivers/CMSIS/Include/cmsis_gcc.h ****  * not use this file except in compliance with the License.
  14:Drivers/CMSIS/Include/cmsis_gcc.h ****  * You may obtain a copy of the License at
ARM GAS  C:\Users\vmyhr\AppData\Local\Temp\ccnIvQxj.s 			page 6


  15:Drivers/CMSIS/Include/cmsis_gcc.h ****  *
  16:Drivers/CMSIS/Include/cmsis_gcc.h ****  * www.apache.org/licenses/LICENSE-2.0
  17:Drivers/CMSIS/Include/cmsis_gcc.h ****  *
  18:Drivers/CMSIS/Include/cmsis_gcc.h ****  * Unless required by applicable law or agreed to in writing, software
  19:Drivers/CMSIS/Include/cmsis_gcc.h ****  * distributed under the License is distributed on an AS IS BASIS, WITHOUT
  20:Drivers/CMSIS/Include/cmsis_gcc.h ****  * WARRANTIES OR CONDITIONS OF ANY KIND, either express or implied.
  21:Drivers/CMSIS/Include/cmsis_gcc.h ****  * See the License for the specific language governing permissions and
  22:Drivers/CMSIS/Include/cmsis_gcc.h ****  * limitations under the License.
  23:Drivers/CMSIS/Include/cmsis_gcc.h ****  */
  24:Drivers/CMSIS/Include/cmsis_gcc.h **** 
  25:Drivers/CMSIS/Include/cmsis_gcc.h **** #ifndef __CMSIS_GCC_H
  26:Drivers/CMSIS/Include/cmsis_gcc.h **** #define __CMSIS_GCC_H
  27:Drivers/CMSIS/Include/cmsis_gcc.h **** 
  28:Drivers/CMSIS/Include/cmsis_gcc.h **** /* ignore some GCC warnings */
  29:Drivers/CMSIS/Include/cmsis_gcc.h **** #pragma GCC diagnostic push
  30:Drivers/CMSIS/Include/cmsis_gcc.h **** #pragma GCC diagnostic ignored "-Wsign-conversion"
  31:Drivers/CMSIS/Include/cmsis_gcc.h **** #pragma GCC diagnostic ignored "-Wconversion"
  32:Drivers/CMSIS/Include/cmsis_gcc.h **** #pragma GCC diagnostic ignored "-Wunused-parameter"
  33:Drivers/CMSIS/Include/cmsis_gcc.h **** 
  34:Drivers/CMSIS/Include/cmsis_gcc.h **** /* Fallback for __has_builtin */
  35:Drivers/CMSIS/Include/cmsis_gcc.h **** #ifndef __has_builtin
  36:Drivers/CMSIS/Include/cmsis_gcc.h ****   #define __has_builtin(x) (0)
  37:Drivers/CMSIS/Include/cmsis_gcc.h **** #endif
  38:Drivers/CMSIS/Include/cmsis_gcc.h **** 
  39:Drivers/CMSIS/Include/cmsis_gcc.h **** /* CMSIS compiler specific defines */
  40:Drivers/CMSIS/Include/cmsis_gcc.h **** #ifndef   __ASM
  41:Drivers/CMSIS/Include/cmsis_gcc.h ****   #define __ASM                                  __asm
  42:Drivers/CMSIS/Include/cmsis_gcc.h **** #endif
  43:Drivers/CMSIS/Include/cmsis_gcc.h **** #ifndef   __INLINE
  44:Drivers/CMSIS/Include/cmsis_gcc.h ****   #define __INLINE                               inline
  45:Drivers/CMSIS/Include/cmsis_gcc.h **** #endif
  46:Drivers/CMSIS/Include/cmsis_gcc.h **** #ifndef   __STATIC_INLINE
  47:Drivers/CMSIS/Include/cmsis_gcc.h ****   #define __STATIC_INLINE                        static inline
  48:Drivers/CMSIS/Include/cmsis_gcc.h **** #endif
  49:Drivers/CMSIS/Include/cmsis_gcc.h **** #ifndef   __STATIC_FORCEINLINE                 
  50:Drivers/CMSIS/Include/cmsis_gcc.h ****   #define __STATIC_FORCEINLINE                   __attribute__((always_inline)) static inline
  51:Drivers/CMSIS/Include/cmsis_gcc.h **** #endif                                           
  52:Drivers/CMSIS/Include/cmsis_gcc.h **** #ifndef   __NO_RETURN
  53:Drivers/CMSIS/Include/cmsis_gcc.h ****   #define __NO_RETURN                            __attribute__((__noreturn__))
  54:Drivers/CMSIS/Include/cmsis_gcc.h **** #endif
  55:Drivers/CMSIS/Include/cmsis_gcc.h **** #ifndef   __USED
  56:Drivers/CMSIS/Include/cmsis_gcc.h ****   #define __USED                                 __attribute__((used))
  57:Drivers/CMSIS/Include/cmsis_gcc.h **** #endif
  58:Drivers/CMSIS/Include/cmsis_gcc.h **** #ifndef   __WEAK
  59:Drivers/CMSIS/Include/cmsis_gcc.h ****   #define __WEAK                                 __attribute__((weak))
  60:Drivers/CMSIS/Include/cmsis_gcc.h **** #endif
  61:Drivers/CMSIS/Include/cmsis_gcc.h **** #ifndef   __PACKED
  62:Drivers/CMSIS/Include/cmsis_gcc.h ****   #define __PACKED                               __attribute__((packed, aligned(1)))
  63:Drivers/CMSIS/Include/cmsis_gcc.h **** #endif
  64:Drivers/CMSIS/Include/cmsis_gcc.h **** #ifndef   __PACKED_STRUCT
  65:Drivers/CMSIS/Include/cmsis_gcc.h ****   #define __PACKED_STRUCT                        struct __attribute__((packed, aligned(1)))
  66:Drivers/CMSIS/Include/cmsis_gcc.h **** #endif
  67:Drivers/CMSIS/Include/cmsis_gcc.h **** #ifndef   __PACKED_UNION
  68:Drivers/CMSIS/Include/cmsis_gcc.h ****   #define __PACKED_UNION                         union __attribute__((packed, aligned(1)))
  69:Drivers/CMSIS/Include/cmsis_gcc.h **** #endif
  70:Drivers/CMSIS/Include/cmsis_gcc.h **** #ifndef   __UNALIGNED_UINT32        /* deprecated */
  71:Drivers/CMSIS/Include/cmsis_gcc.h ****   #pragma GCC diagnostic push
ARM GAS  C:\Users\vmyhr\AppData\Local\Temp\ccnIvQxj.s 			page 7


  72:Drivers/CMSIS/Include/cmsis_gcc.h ****   #pragma GCC diagnostic ignored "-Wpacked"
  73:Drivers/CMSIS/Include/cmsis_gcc.h ****   #pragma GCC diagnostic ignored "-Wattributes"
  74:Drivers/CMSIS/Include/cmsis_gcc.h ****   struct __attribute__((packed)) T_UINT32 { uint32_t v; };
  75:Drivers/CMSIS/Include/cmsis_gcc.h ****   #pragma GCC diagnostic pop
  76:Drivers/CMSIS/Include/cmsis_gcc.h ****   #define __UNALIGNED_UINT32(x)                  (((struct T_UINT32 *)(x))->v)
  77:Drivers/CMSIS/Include/cmsis_gcc.h **** #endif
  78:Drivers/CMSIS/Include/cmsis_gcc.h **** #ifndef   __UNALIGNED_UINT16_WRITE
  79:Drivers/CMSIS/Include/cmsis_gcc.h ****   #pragma GCC diagnostic push
  80:Drivers/CMSIS/Include/cmsis_gcc.h ****   #pragma GCC diagnostic ignored "-Wpacked"
  81:Drivers/CMSIS/Include/cmsis_gcc.h ****   #pragma GCC diagnostic ignored "-Wattributes"
  82:Drivers/CMSIS/Include/cmsis_gcc.h ****   __PACKED_STRUCT T_UINT16_WRITE { uint16_t v; };
  83:Drivers/CMSIS/Include/cmsis_gcc.h ****   #pragma GCC diagnostic pop
  84:Drivers/CMSIS/Include/cmsis_gcc.h ****   #define __UNALIGNED_UINT16_WRITE(addr, val)    (void)((((struct T_UINT16_WRITE *)(void *)(addr))-
  85:Drivers/CMSIS/Include/cmsis_gcc.h **** #endif
  86:Drivers/CMSIS/Include/cmsis_gcc.h **** #ifndef   __UNALIGNED_UINT16_READ
  87:Drivers/CMSIS/Include/cmsis_gcc.h ****   #pragma GCC diagnostic push
  88:Drivers/CMSIS/Include/cmsis_gcc.h ****   #pragma GCC diagnostic ignored "-Wpacked"
  89:Drivers/CMSIS/Include/cmsis_gcc.h ****   #pragma GCC diagnostic ignored "-Wattributes"
  90:Drivers/CMSIS/Include/cmsis_gcc.h ****   __PACKED_STRUCT T_UINT16_READ { uint16_t v; };
  91:Drivers/CMSIS/Include/cmsis_gcc.h ****   #pragma GCC diagnostic pop
  92:Drivers/CMSIS/Include/cmsis_gcc.h ****   #define __UNALIGNED_UINT16_READ(addr)          (((const struct T_UINT16_READ *)(const void *)(add
  93:Drivers/CMSIS/Include/cmsis_gcc.h **** #endif
  94:Drivers/CMSIS/Include/cmsis_gcc.h **** #ifndef   __UNALIGNED_UINT32_WRITE
  95:Drivers/CMSIS/Include/cmsis_gcc.h ****   #pragma GCC diagnostic push
  96:Drivers/CMSIS/Include/cmsis_gcc.h ****   #pragma GCC diagnostic ignored "-Wpacked"
  97:Drivers/CMSIS/Include/cmsis_gcc.h ****   #pragma GCC diagnostic ignored "-Wattributes"
  98:Drivers/CMSIS/Include/cmsis_gcc.h ****   __PACKED_STRUCT T_UINT32_WRITE { uint32_t v; };
  99:Drivers/CMSIS/Include/cmsis_gcc.h ****   #pragma GCC diagnostic pop
 100:Drivers/CMSIS/Include/cmsis_gcc.h ****   #define __UNALIGNED_UINT32_WRITE(addr, val)    (void)((((struct T_UINT32_WRITE *)(void *)(addr))-
 101:Drivers/CMSIS/Include/cmsis_gcc.h **** #endif
 102:Drivers/CMSIS/Include/cmsis_gcc.h **** #ifndef   __UNALIGNED_UINT32_READ
 103:Drivers/CMSIS/Include/cmsis_gcc.h ****   #pragma GCC diagnostic push
 104:Drivers/CMSIS/Include/cmsis_gcc.h ****   #pragma GCC diagnostic ignored "-Wpacked"
 105:Drivers/CMSIS/Include/cmsis_gcc.h ****   #pragma GCC diagnostic ignored "-Wattributes"
 106:Drivers/CMSIS/Include/cmsis_gcc.h ****   __PACKED_STRUCT T_UINT32_READ { uint32_t v; };
 107:Drivers/CMSIS/Include/cmsis_gcc.h ****   #pragma GCC diagnostic pop
 108:Drivers/CMSIS/Include/cmsis_gcc.h ****   #define __UNALIGNED_UINT32_READ(addr)          (((const struct T_UINT32_READ *)(const void *)(add
 109:Drivers/CMSIS/Include/cmsis_gcc.h **** #endif
 110:Drivers/CMSIS/Include/cmsis_gcc.h **** #ifndef   __ALIGNED
 111:Drivers/CMSIS/Include/cmsis_gcc.h ****   #define __ALIGNED(x)                           __attribute__((aligned(x)))
 112:Drivers/CMSIS/Include/cmsis_gcc.h **** #endif
 113:Drivers/CMSIS/Include/cmsis_gcc.h **** #ifndef   __RESTRICT
 114:Drivers/CMSIS/Include/cmsis_gcc.h ****   #define __RESTRICT                             __restrict
 115:Drivers/CMSIS/Include/cmsis_gcc.h **** #endif
 116:Drivers/CMSIS/Include/cmsis_gcc.h **** #ifndef   __COMPILER_BARRIER
 117:Drivers/CMSIS/Include/cmsis_gcc.h ****   #define __COMPILER_BARRIER()                   __ASM volatile("":::"memory")
 118:Drivers/CMSIS/Include/cmsis_gcc.h **** #endif
 119:Drivers/CMSIS/Include/cmsis_gcc.h **** 
 120:Drivers/CMSIS/Include/cmsis_gcc.h **** /* #########################  Startup and Lowlevel Init  ######################## */
 121:Drivers/CMSIS/Include/cmsis_gcc.h **** 
 122:Drivers/CMSIS/Include/cmsis_gcc.h **** #ifndef __PROGRAM_START
 123:Drivers/CMSIS/Include/cmsis_gcc.h **** 
 124:Drivers/CMSIS/Include/cmsis_gcc.h **** /**
 125:Drivers/CMSIS/Include/cmsis_gcc.h ****   \brief   Initializes data and bss sections
 126:Drivers/CMSIS/Include/cmsis_gcc.h ****   \details This default implementations initialized all data and additional bss
 127:Drivers/CMSIS/Include/cmsis_gcc.h ****            sections relying on .copy.table and .zero.table specified properly
 128:Drivers/CMSIS/Include/cmsis_gcc.h ****            in the used linker script.
ARM GAS  C:\Users\vmyhr\AppData\Local\Temp\ccnIvQxj.s 			page 8


 129:Drivers/CMSIS/Include/cmsis_gcc.h ****   
 130:Drivers/CMSIS/Include/cmsis_gcc.h ****  */
 131:Drivers/CMSIS/Include/cmsis_gcc.h **** __STATIC_FORCEINLINE __NO_RETURN void __cmsis_start(void)
 132:Drivers/CMSIS/Include/cmsis_gcc.h **** {
 133:Drivers/CMSIS/Include/cmsis_gcc.h ****   extern void _start(void) __NO_RETURN;
 134:Drivers/CMSIS/Include/cmsis_gcc.h ****   
 135:Drivers/CMSIS/Include/cmsis_gcc.h ****   typedef struct {
 136:Drivers/CMSIS/Include/cmsis_gcc.h ****     uint32_t const* src;
 137:Drivers/CMSIS/Include/cmsis_gcc.h ****     uint32_t* dest;
 138:Drivers/CMSIS/Include/cmsis_gcc.h ****     uint32_t  wlen;
 139:Drivers/CMSIS/Include/cmsis_gcc.h ****   } __copy_table_t;
 140:Drivers/CMSIS/Include/cmsis_gcc.h ****   
 141:Drivers/CMSIS/Include/cmsis_gcc.h ****   typedef struct {
 142:Drivers/CMSIS/Include/cmsis_gcc.h ****     uint32_t* dest;
 143:Drivers/CMSIS/Include/cmsis_gcc.h ****     uint32_t  wlen;
 144:Drivers/CMSIS/Include/cmsis_gcc.h ****   } __zero_table_t;
 145:Drivers/CMSIS/Include/cmsis_gcc.h ****   
 146:Drivers/CMSIS/Include/cmsis_gcc.h ****   extern const __copy_table_t __copy_table_start__;
 147:Drivers/CMSIS/Include/cmsis_gcc.h ****   extern const __copy_table_t __copy_table_end__;
 148:Drivers/CMSIS/Include/cmsis_gcc.h ****   extern const __zero_table_t __zero_table_start__;
 149:Drivers/CMSIS/Include/cmsis_gcc.h ****   extern const __zero_table_t __zero_table_end__;
 150:Drivers/CMSIS/Include/cmsis_gcc.h **** 
 151:Drivers/CMSIS/Include/cmsis_gcc.h ****   for (__copy_table_t const* pTable = &__copy_table_start__; pTable < &__copy_table_end__; ++pTable
 152:Drivers/CMSIS/Include/cmsis_gcc.h ****     for(uint32_t i=0u; i<pTable->wlen; ++i) {
 153:Drivers/CMSIS/Include/cmsis_gcc.h ****       pTable->dest[i] = pTable->src[i];
 154:Drivers/CMSIS/Include/cmsis_gcc.h ****     }
 155:Drivers/CMSIS/Include/cmsis_gcc.h ****   }
 156:Drivers/CMSIS/Include/cmsis_gcc.h ****  
 157:Drivers/CMSIS/Include/cmsis_gcc.h ****   for (__zero_table_t const* pTable = &__zero_table_start__; pTable < &__zero_table_end__; ++pTable
 158:Drivers/CMSIS/Include/cmsis_gcc.h ****     for(uint32_t i=0u; i<pTable->wlen; ++i) {
 159:Drivers/CMSIS/Include/cmsis_gcc.h ****       pTable->dest[i] = 0u;
 160:Drivers/CMSIS/Include/cmsis_gcc.h ****     }
 161:Drivers/CMSIS/Include/cmsis_gcc.h ****   }
 162:Drivers/CMSIS/Include/cmsis_gcc.h ****  
 163:Drivers/CMSIS/Include/cmsis_gcc.h ****   _start();
 164:Drivers/CMSIS/Include/cmsis_gcc.h **** }
 165:Drivers/CMSIS/Include/cmsis_gcc.h ****   
 166:Drivers/CMSIS/Include/cmsis_gcc.h **** #define __PROGRAM_START           __cmsis_start
 167:Drivers/CMSIS/Include/cmsis_gcc.h **** #endif
 168:Drivers/CMSIS/Include/cmsis_gcc.h **** 
 169:Drivers/CMSIS/Include/cmsis_gcc.h **** #ifndef __INITIAL_SP
 170:Drivers/CMSIS/Include/cmsis_gcc.h **** #define __INITIAL_SP              __StackTop
 171:Drivers/CMSIS/Include/cmsis_gcc.h **** #endif
 172:Drivers/CMSIS/Include/cmsis_gcc.h **** 
 173:Drivers/CMSIS/Include/cmsis_gcc.h **** #ifndef __STACK_LIMIT
 174:Drivers/CMSIS/Include/cmsis_gcc.h **** #define __STACK_LIMIT             __StackLimit
 175:Drivers/CMSIS/Include/cmsis_gcc.h **** #endif
 176:Drivers/CMSIS/Include/cmsis_gcc.h **** 
 177:Drivers/CMSIS/Include/cmsis_gcc.h **** #ifndef __VECTOR_TABLE
 178:Drivers/CMSIS/Include/cmsis_gcc.h **** #define __VECTOR_TABLE            __Vectors
 179:Drivers/CMSIS/Include/cmsis_gcc.h **** #endif
 180:Drivers/CMSIS/Include/cmsis_gcc.h **** 
 181:Drivers/CMSIS/Include/cmsis_gcc.h **** #ifndef __VECTOR_TABLE_ATTRIBUTE
 182:Drivers/CMSIS/Include/cmsis_gcc.h **** #define __VECTOR_TABLE_ATTRIBUTE  __attribute((used, section(".vectors")))
 183:Drivers/CMSIS/Include/cmsis_gcc.h **** #endif
 184:Drivers/CMSIS/Include/cmsis_gcc.h **** 
 185:Drivers/CMSIS/Include/cmsis_gcc.h **** /* ###########################  Core Function Access  ########################### */
ARM GAS  C:\Users\vmyhr\AppData\Local\Temp\ccnIvQxj.s 			page 9


 186:Drivers/CMSIS/Include/cmsis_gcc.h **** /** \ingroup  CMSIS_Core_FunctionInterface
 187:Drivers/CMSIS/Include/cmsis_gcc.h ****     \defgroup CMSIS_Core_RegAccFunctions CMSIS Core Register Access Functions
 188:Drivers/CMSIS/Include/cmsis_gcc.h ****   @{
 189:Drivers/CMSIS/Include/cmsis_gcc.h ****  */
 190:Drivers/CMSIS/Include/cmsis_gcc.h **** 
 191:Drivers/CMSIS/Include/cmsis_gcc.h **** /**
 192:Drivers/CMSIS/Include/cmsis_gcc.h ****   \brief   Enable IRQ Interrupts
 193:Drivers/CMSIS/Include/cmsis_gcc.h ****   \details Enables IRQ interrupts by clearing the I-bit in the CPSR.
 194:Drivers/CMSIS/Include/cmsis_gcc.h ****            Can only be executed in Privileged modes.
 195:Drivers/CMSIS/Include/cmsis_gcc.h ****  */
 196:Drivers/CMSIS/Include/cmsis_gcc.h **** __STATIC_FORCEINLINE void __enable_irq(void)
 197:Drivers/CMSIS/Include/cmsis_gcc.h **** {
 198:Drivers/CMSIS/Include/cmsis_gcc.h ****   __ASM volatile ("cpsie i" : : : "memory");
 199:Drivers/CMSIS/Include/cmsis_gcc.h **** }
 200:Drivers/CMSIS/Include/cmsis_gcc.h **** 
 201:Drivers/CMSIS/Include/cmsis_gcc.h **** 
 202:Drivers/CMSIS/Include/cmsis_gcc.h **** /**
 203:Drivers/CMSIS/Include/cmsis_gcc.h ****   \brief   Disable IRQ Interrupts
 204:Drivers/CMSIS/Include/cmsis_gcc.h ****   \details Disables IRQ interrupts by setting the I-bit in the CPSR.
 205:Drivers/CMSIS/Include/cmsis_gcc.h ****            Can only be executed in Privileged modes.
 206:Drivers/CMSIS/Include/cmsis_gcc.h ****  */
 207:Drivers/CMSIS/Include/cmsis_gcc.h **** __STATIC_FORCEINLINE void __disable_irq(void)
  39              		.loc 2 207 27 view .LVU2
  40              	.LBB5:
 208:Drivers/CMSIS/Include/cmsis_gcc.h **** {
 209:Drivers/CMSIS/Include/cmsis_gcc.h ****   __ASM volatile ("cpsid i" : : : "memory");
  41              		.loc 2 209 3 view .LVU3
  42              		.syntax unified
  43              	@ 209 "Drivers/CMSIS/Include/cmsis_gcc.h" 1
  44 0000 72B6     		cpsid i
  45              	@ 0 "" 2
  46              		.thumb
  47              		.syntax unified
  48              	.L2:
  49              	.LBE5:
  50              	.LBE4:
 235:Core/Src/main.c ****   while (1)
  51              		.loc 1 235 3 view .LVU4
 236:Core/Src/main.c ****   {
 237:Core/Src/main.c ****   }
  52              		.loc 1 237 3 view .LVU5
 235:Core/Src/main.c ****   while (1)
  53              		.loc 1 235 9 view .LVU6
  54 0002 FEE7     		b	.L2
  55              		.cfi_endproc
  56              	.LFE137:
  58              		.section	.text.SystemClock_Config,"ax",%progbits
  59              		.align	1
  60              		.global	SystemClock_Config
  61              		.syntax unified
  62              		.thumb
  63              		.thumb_func
  65              	SystemClock_Config:
  66              	.LFB136:
 181:Core/Src/main.c ****   RCC_OscInitTypeDef RCC_OscInitStruct = {0};
  67              		.loc 1 181 1 view -0
  68              		.cfi_startproc
ARM GAS  C:\Users\vmyhr\AppData\Local\Temp\ccnIvQxj.s 			page 10


  69              		@ args = 0, pretend = 0, frame = 80
  70              		@ frame_needed = 0, uses_anonymous_args = 0
  71 0000 00B5     		push	{lr}
  72              		.cfi_def_cfa_offset 4
  73              		.cfi_offset 14, -4
  74 0002 95B0     		sub	sp, sp, #84
  75              		.cfi_def_cfa_offset 88
 182:Core/Src/main.c ****   RCC_ClkInitTypeDef RCC_ClkInitStruct = {0};
  76              		.loc 1 182 3 view .LVU8
 182:Core/Src/main.c ****   RCC_ClkInitTypeDef RCC_ClkInitStruct = {0};
  77              		.loc 1 182 22 is_stmt 0 view .LVU9
  78 0004 3822     		movs	r2, #56
  79 0006 0021     		movs	r1, #0
  80 0008 06A8     		add	r0, sp, #24
  81 000a FFF7FEFF 		bl	memset
  82              	.LVL0:
 183:Core/Src/main.c **** 
  83              		.loc 1 183 3 is_stmt 1 view .LVU10
 183:Core/Src/main.c **** 
  84              		.loc 1 183 22 is_stmt 0 view .LVU11
  85 000e 0020     		movs	r0, #0
  86 0010 0190     		str	r0, [sp, #4]
  87 0012 0290     		str	r0, [sp, #8]
  88 0014 0390     		str	r0, [sp, #12]
  89 0016 0490     		str	r0, [sp, #16]
  90 0018 0590     		str	r0, [sp, #20]
 187:Core/Src/main.c **** 
  91              		.loc 1 187 3 is_stmt 1 view .LVU12
  92 001a FFF7FEFF 		bl	HAL_PWREx_ControlVoltageScaling
  93              	.LVL1:
 192:Core/Src/main.c ****   RCC_OscInitStruct.HSIState = RCC_HSI_ON;
  94              		.loc 1 192 3 view .LVU13
 192:Core/Src/main.c ****   RCC_OscInitStruct.HSIState = RCC_HSI_ON;
  95              		.loc 1 192 36 is_stmt 0 view .LVU14
  96 001e 0223     		movs	r3, #2
  97 0020 0693     		str	r3, [sp, #24]
 193:Core/Src/main.c ****   RCC_OscInitStruct.HSICalibrationValue = RCC_HSICALIBRATION_DEFAULT;
  98              		.loc 1 193 3 is_stmt 1 view .LVU15
 193:Core/Src/main.c ****   RCC_OscInitStruct.HSICalibrationValue = RCC_HSICALIBRATION_DEFAULT;
  99              		.loc 1 193 30 is_stmt 0 view .LVU16
 100 0022 4FF48072 		mov	r2, #256
 101 0026 0992     		str	r2, [sp, #36]
 194:Core/Src/main.c ****   RCC_OscInitStruct.PLL.PLLState = RCC_PLL_ON;
 102              		.loc 1 194 3 is_stmt 1 view .LVU17
 194:Core/Src/main.c ****   RCC_OscInitStruct.PLL.PLLState = RCC_PLL_ON;
 103              		.loc 1 194 41 is_stmt 0 view .LVU18
 104 0028 4022     		movs	r2, #64
 105 002a 0A92     		str	r2, [sp, #40]
 195:Core/Src/main.c ****   RCC_OscInitStruct.PLL.PLLSource = RCC_PLLSOURCE_HSI;
 106              		.loc 1 195 3 is_stmt 1 view .LVU19
 195:Core/Src/main.c ****   RCC_OscInitStruct.PLL.PLLSource = RCC_PLLSOURCE_HSI;
 107              		.loc 1 195 34 is_stmt 0 view .LVU20
 108 002c 0D93     		str	r3, [sp, #52]
 196:Core/Src/main.c ****   RCC_OscInitStruct.PLL.PLLM = RCC_PLLM_DIV4;
 109              		.loc 1 196 3 is_stmt 1 view .LVU21
 196:Core/Src/main.c ****   RCC_OscInitStruct.PLL.PLLM = RCC_PLLM_DIV4;
 110              		.loc 1 196 35 is_stmt 0 view .LVU22
ARM GAS  C:\Users\vmyhr\AppData\Local\Temp\ccnIvQxj.s 			page 11


 111 002e 0E93     		str	r3, [sp, #56]
 197:Core/Src/main.c ****   RCC_OscInitStruct.PLL.PLLN = 85;
 112              		.loc 1 197 3 is_stmt 1 view .LVU23
 197:Core/Src/main.c ****   RCC_OscInitStruct.PLL.PLLN = 85;
 113              		.loc 1 197 30 is_stmt 0 view .LVU24
 114 0030 0422     		movs	r2, #4
 115 0032 0F92     		str	r2, [sp, #60]
 198:Core/Src/main.c ****   RCC_OscInitStruct.PLL.PLLP = RCC_PLLP_DIV2;
 116              		.loc 1 198 3 is_stmt 1 view .LVU25
 198:Core/Src/main.c ****   RCC_OscInitStruct.PLL.PLLP = RCC_PLLP_DIV2;
 117              		.loc 1 198 30 is_stmt 0 view .LVU26
 118 0034 5522     		movs	r2, #85
 119 0036 1092     		str	r2, [sp, #64]
 199:Core/Src/main.c ****   RCC_OscInitStruct.PLL.PLLQ = RCC_PLLQ_DIV2;
 120              		.loc 1 199 3 is_stmt 1 view .LVU27
 199:Core/Src/main.c ****   RCC_OscInitStruct.PLL.PLLQ = RCC_PLLQ_DIV2;
 121              		.loc 1 199 30 is_stmt 0 view .LVU28
 122 0038 1193     		str	r3, [sp, #68]
 200:Core/Src/main.c ****   RCC_OscInitStruct.PLL.PLLR = RCC_PLLR_DIV2;
 123              		.loc 1 200 3 is_stmt 1 view .LVU29
 200:Core/Src/main.c ****   RCC_OscInitStruct.PLL.PLLR = RCC_PLLR_DIV2;
 124              		.loc 1 200 30 is_stmt 0 view .LVU30
 125 003a 1293     		str	r3, [sp, #72]
 201:Core/Src/main.c ****   if (HAL_RCC_OscConfig(&RCC_OscInitStruct) != HAL_OK)
 126              		.loc 1 201 3 is_stmt 1 view .LVU31
 201:Core/Src/main.c ****   if (HAL_RCC_OscConfig(&RCC_OscInitStruct) != HAL_OK)
 127              		.loc 1 201 30 is_stmt 0 view .LVU32
 128 003c 1393     		str	r3, [sp, #76]
 202:Core/Src/main.c ****   {
 129              		.loc 1 202 3 is_stmt 1 view .LVU33
 202:Core/Src/main.c ****   {
 130              		.loc 1 202 7 is_stmt 0 view .LVU34
 131 003e 06A8     		add	r0, sp, #24
 132 0040 FFF7FEFF 		bl	HAL_RCC_OscConfig
 133              	.LVL2:
 202:Core/Src/main.c ****   {
 134              		.loc 1 202 6 discriminator 1 view .LVU35
 135 0044 80B9     		cbnz	r0, .L7
 209:Core/Src/main.c ****                               |RCC_CLOCKTYPE_PCLK1|RCC_CLOCKTYPE_PCLK2;
 136              		.loc 1 209 3 is_stmt 1 view .LVU36
 209:Core/Src/main.c ****                               |RCC_CLOCKTYPE_PCLK1|RCC_CLOCKTYPE_PCLK2;
 137              		.loc 1 209 31 is_stmt 0 view .LVU37
 138 0046 0F23     		movs	r3, #15
 139 0048 0193     		str	r3, [sp, #4]
 211:Core/Src/main.c ****   RCC_ClkInitStruct.AHBCLKDivider = RCC_SYSCLK_DIV1;
 140              		.loc 1 211 3 is_stmt 1 view .LVU38
 211:Core/Src/main.c ****   RCC_ClkInitStruct.AHBCLKDivider = RCC_SYSCLK_DIV1;
 141              		.loc 1 211 34 is_stmt 0 view .LVU39
 142 004a 0323     		movs	r3, #3
 143 004c 0293     		str	r3, [sp, #8]
 212:Core/Src/main.c ****   RCC_ClkInitStruct.APB1CLKDivider = RCC_HCLK_DIV1;
 144              		.loc 1 212 3 is_stmt 1 view .LVU40
 212:Core/Src/main.c ****   RCC_ClkInitStruct.APB1CLKDivider = RCC_HCLK_DIV1;
 145              		.loc 1 212 35 is_stmt 0 view .LVU41
 146 004e 0023     		movs	r3, #0
 147 0050 0393     		str	r3, [sp, #12]
 213:Core/Src/main.c ****   RCC_ClkInitStruct.APB2CLKDivider = RCC_HCLK_DIV1;
ARM GAS  C:\Users\vmyhr\AppData\Local\Temp\ccnIvQxj.s 			page 12


 148              		.loc 1 213 3 is_stmt 1 view .LVU42
 213:Core/Src/main.c ****   RCC_ClkInitStruct.APB2CLKDivider = RCC_HCLK_DIV1;
 149              		.loc 1 213 36 is_stmt 0 view .LVU43
 150 0052 0493     		str	r3, [sp, #16]
 214:Core/Src/main.c **** 
 151              		.loc 1 214 3 is_stmt 1 view .LVU44
 214:Core/Src/main.c **** 
 152              		.loc 1 214 36 is_stmt 0 view .LVU45
 153 0054 0593     		str	r3, [sp, #20]
 216:Core/Src/main.c ****   {
 154              		.loc 1 216 3 is_stmt 1 view .LVU46
 216:Core/Src/main.c ****   {
 155              		.loc 1 216 7 is_stmt 0 view .LVU47
 156 0056 0421     		movs	r1, #4
 157 0058 0DEB0100 		add	r0, sp, r1
 158 005c FFF7FEFF 		bl	HAL_RCC_ClockConfig
 159              	.LVL3:
 216:Core/Src/main.c ****   {
 160              		.loc 1 216 6 discriminator 1 view .LVU48
 161 0060 20B9     		cbnz	r0, .L8
 220:Core/Src/main.c **** 
 162              		.loc 1 220 1 view .LVU49
 163 0062 15B0     		add	sp, sp, #84
 164              		.cfi_remember_state
 165              		.cfi_def_cfa_offset 4
 166              		@ sp needed
 167 0064 5DF804FB 		ldr	pc, [sp], #4
 168              	.L7:
 169              		.cfi_restore_state
 204:Core/Src/main.c ****   }
 170              		.loc 1 204 5 is_stmt 1 view .LVU50
 171 0068 FFF7FEFF 		bl	Error_Handler
 172              	.LVL4:
 173              	.L8:
 218:Core/Src/main.c ****   }
 174              		.loc 1 218 5 view .LVU51
 175 006c FFF7FEFF 		bl	Error_Handler
 176              	.LVL5:
 177              		.cfi_endproc
 178              	.LFE136:
 180              		.section	.text.main,"ax",%progbits
 181              		.align	1
 182              		.global	main
 183              		.syntax unified
 184              		.thumb
 185              		.thumb_func
 187              	main:
 188              	.LFB135:
  74:Core/Src/main.c **** 
 189              		.loc 1 74 1 view -0
 190              		.cfi_startproc
 191              		@ args = 0, pretend = 0, frame = 4816
 192              		@ frame_needed = 0, uses_anonymous_args = 0
 193 0000 30B5     		push	{r4, r5, lr}
 194              		.cfi_def_cfa_offset 12
 195              		.cfi_offset 4, -12
 196              		.cfi_offset 5, -8
ARM GAS  C:\Users\vmyhr\AppData\Local\Temp\ccnIvQxj.s 			page 13


 197              		.cfi_offset 14, -4
 198 0002 ADF5965D 		sub	sp, sp, #4800
 199              		.cfi_def_cfa_offset 4812
 200 0006 85B0     		sub	sp, sp, #20
 201              		.cfi_def_cfa_offset 4832
  83:Core/Src/main.c **** 
 202              		.loc 1 83 3 view .LVU53
 203 0008 FFF7FEFF 		bl	HAL_Init
 204              	.LVL6:
  90:Core/Src/main.c **** 
 205              		.loc 1 90 3 view .LVU54
 206 000c FFF7FEFF 		bl	SystemClock_Config
 207              	.LVL7:
  97:Core/Src/main.c ****   MX_I2C1_Init();
 208              		.loc 1 97 3 view .LVU55
 209 0010 FFF7FEFF 		bl	MX_GPIO_Init
 210              	.LVL8:
  98:Core/Src/main.c ****   MX_SPI3_Init();
 211              		.loc 1 98 3 view .LVU56
 212 0014 FFF7FEFF 		bl	MX_I2C1_Init
 213              	.LVL9:
  99:Core/Src/main.c ****   /* USER CODE BEGIN 2 */
 214              		.loc 1 99 3 view .LVU57
 215 0018 FFF7FEFF 		bl	MX_SPI3_Init
 216              	.LVL10:
 101:Core/Src/main.c ****   int measurementIndex = 0; // Index for the next measurement to be stored
 217              		.loc 1 101 3 view .LVU58
 102:Core/Src/main.c ****   uint32_t lastMeasurementTime = 0; // Timestamp of the last measurement
 218              		.loc 1 102 3 view .LVU59
 103:Core/Src/main.c ****   //HAL_GPIO_WritePin(GPIOA,GPIO_PIN_8,GPIO_PIN_SET);
 219              		.loc 1 103 3 view .LVU60
 112:Core/Src/main.c ****     HAL_StatusTypeDef test_device = HAL_I2C_IsDeviceReady(&hi2c1, dev_address, 10, 1000);
 220              		.loc 1 112 5 view .LVU61
 113:Core/Src/main.c ****   while(test_device == HAL_ERROR) {
 221              		.loc 1 113 5 view .LVU62
 113:Core/Src/main.c ****   while(test_device == HAL_ERROR) {
 222              		.loc 1 113 37 is_stmt 0 view .LVU63
 223 001c 4FF47A73 		mov	r3, #1000
 224 0020 0A22     		movs	r2, #10
 225 0022 EC21     		movs	r1, #236
 226 0024 4D48     		ldr	r0, .L22
 227 0026 FFF7FEFF 		bl	HAL_I2C_IsDeviceReady
 228              	.LVL11:
 114:Core/Src/main.c **** 	  // if the test fails
 229              		.loc 1 114 3 is_stmt 1 view .LVU64
 230              	.L10:
 116:Core/Src/main.c ****   for(int i = 1; i <= 6; i++) {
 231              		.loc 1 116 3 view .LVU65
 114:Core/Src/main.c **** 	  // if the test fails
 232              		.loc 1 114 21 discriminator 1 view .LVU66
 233 002a 0128     		cmp	r0, #1
 234 002c FDD0     		beq	.L10
 235              	.LBB6:
 117:Core/Src/main.c **** 	      MS5803_coeff(&hi2c1, &MS5803_coefficient[i-1], i); //get coefficients
 236              		.loc 1 117 11 is_stmt 0 view .LVU67
 237 002e 0124     		movs	r4, #1
 238 0030 08E0     		b	.L11
ARM GAS  C:\Users\vmyhr\AppData\Local\Temp\ccnIvQxj.s 			page 14


 239              	.LVL12:
 240              	.L12:
 118:Core/Src/main.c ****         } 
 241              		.loc 1 118 8 is_stmt 1 view .LVU68
 118:Core/Src/main.c ****         } 
 242              		.loc 1 118 50 is_stmt 0 view .LVU69
 243 0032 611E     		subs	r1, r4, #1
 118:Core/Src/main.c ****         } 
 244              		.loc 1 118 8 view .LVU70
 245 0034 E2B2     		uxtb	r2, r4
 246 0036 4A4B     		ldr	r3, .L22+4
 247 0038 03EB4101 		add	r1, r3, r1, lsl #1
 248 003c 4748     		ldr	r0, .L22
 249 003e FFF7FEFF 		bl	MS5803_coeff
 250              	.LVL13:
 117:Core/Src/main.c **** 	      MS5803_coeff(&hi2c1, &MS5803_coefficient[i-1], i); //get coefficients
 251              		.loc 1 117 27 is_stmt 1 discriminator 3 view .LVU71
 252 0042 0134     		adds	r4, r4, #1
 253              	.LVL14:
 254              	.L11:
 117:Core/Src/main.c **** 	      MS5803_coeff(&hi2c1, &MS5803_coefficient[i-1], i); //get coefficients
 255              		.loc 1 117 20 discriminator 1 view .LVU72
 256 0044 062C     		cmp	r4, #6
 257 0046 F4DD     		ble	.L12
 258              	.LBE6:
 125:Core/Src/main.c ****     //float temperature = 0.0f;
 259              		.loc 1 125 5 view .LVU73
 128:Core/Src/main.c ****     memset(pressureMeasurements, 0, sizeof(pressureMeasurements));
 260              		.loc 1 128 5 view .LVU74
 129:Core/Src/main.c ****   // while (1)
 261              		.loc 1 129 5 view .LVU75
 262 0048 4FF49652 		mov	r2, #4800
 263 004c 0021     		movs	r1, #0
 264 004e 04A8     		add	r0, sp, #16
 265 0050 FFF7FEFF 		bl	memset
 266              	.LVL15:
 102:Core/Src/main.c ****   uint32_t lastMeasurementTime = 0; // Timestamp of the last measurement
 267              		.loc 1 102 7 is_stmt 0 view .LVU76
 268 0054 0024     		movs	r4, #0
 269              	.LVL16:
 102:Core/Src/main.c ****   uint32_t lastMeasurementTime = 0; // Timestamp of the last measurement
 270              		.loc 1 102 7 view .LVU77
 271 0056 26E0     		b	.L18
 272              	.LVL17:
 273              	.L13:
 274              	.LBB7:
 153:Core/Src/main.c ****     }
 275              		.loc 1 153 7 is_stmt 1 view .LVU78
 276 0058 0022     		movs	r2, #0
 277 005a 4FF48051 		mov	r1, #4096
 278 005e 4FF09040 		mov	r0, #1207959552
 279 0062 FFF7FEFF 		bl	HAL_GPIO_WritePin
 280              	.LVL18:
 281              	.L14:
 155:Core/Src/main.c ****       //tellerflagg = 1;
 282              		.loc 1 155 5 view .LVU79
 155:Core/Src/main.c ****       //tellerflagg = 1;
ARM GAS  C:\Users\vmyhr\AppData\Local\Temp\ccnIvQxj.s 			page 15


 283              		.loc 1 155 14 is_stmt 0 view .LVU80
 284 0066 9DF80630 		ldrb	r3, [sp, #6]	@ zero_extendqisi2
 155:Core/Src/main.c ****       //tellerflagg = 1;
 285              		.loc 1 155 8 view .LVU81
 286 006a 23B9     		cbnz	r3, .L15
 155:Core/Src/main.c ****       //tellerflagg = 1;
 287              		.loc 1 155 40 discriminator 1 view .LVU82
 288 006c 9DF80530 		ldrb	r3, [sp, #5]	@ zero_extendqisi2
 289 0070 DBB2     		uxtb	r3, r3
 155:Core/Src/main.c ****       //tellerflagg = 1;
 290              		.loc 1 155 32 discriminator 1 view .LVU83
 291 0072 012B     		cmp	r3, #1
 292 0074 62D0     		beq	.L21
 293              	.L15:
 159:Core/Src/main.c ****     }
 294              		.loc 1 159 7 is_stmt 1 view .LVU84
 295 0076 0022     		movs	r2, #0
 296 0078 4FF40071 		mov	r1, #512
 297 007c 4FF09040 		mov	r0, #1207959552
 298 0080 FFF7FEFF 		bl	HAL_GPIO_WritePin
 299              	.LVL19:
 300              	.L16:
 161:Core/Src/main.c ****       if (measurementIndex < NUM_MEASUREMENTS) {
 301              		.loc 1 161 3 view .LVU85
 302 0084 02AB     		add	r3, sp, #8
 303 0086 03AA     		add	r2, sp, #12
 304 0088 0821     		movs	r1, #8
 305 008a 3448     		ldr	r0, .L22
 306 008c FFF7FEFF 		bl	MS5803_get_values
 307              	.LVL20:
 162:Core/Src/main.c ****         pressureMeasurements[measurementIndex] = pressure; // Store the pressure measurement
 308              		.loc 1 162 7 view .LVU86
 162:Core/Src/main.c ****         pressureMeasurements[measurementIndex] = pressure; // Store the pressure measurement
 309              		.loc 1 162 10 is_stmt 0 view .LVU87
 310 0090 B4F5966F 		cmp	r4, #1200
 311 0094 5FDA     		bge	.L19
 163:Core/Src/main.c ****         measurementIndex++; // Move to the next index for the next measurement
 312              		.loc 1 163 9 is_stmt 1 view .LVU88
 163:Core/Src/main.c ****         measurementIndex++; // Move to the next index for the next measurement
 313              		.loc 1 163 48 is_stmt 0 view .LVU89
 314 0096 04AB     		add	r3, sp, #16
 315 0098 03EB8403 		add	r3, r3, r4, lsl #2
 316 009c 029A     		ldr	r2, [sp, #8]	@ float
 317 009e 1A60     		str	r2, [r3]	@ float
 164:Core/Src/main.c ****       } else {
 318              		.loc 1 164 9 is_stmt 1 view .LVU90
 164:Core/Src/main.c ****       } else {
 319              		.loc 1 164 25 is_stmt 0 view .LVU91
 320 00a0 0134     		adds	r4, r4, #1
 321              	.LVL21:
 322              	.L17:
 169:Core/Src/main.c ****     }
 323              		.loc 1 169 7 is_stmt 1 view .LVU92
 169:Core/Src/main.c ****     }
 324              		.loc 1 169 29 is_stmt 0 view .LVU93
 325 00a2 FFF7FEFF 		bl	HAL_GetTick
 326              	.LVL22:
ARM GAS  C:\Users\vmyhr\AppData\Local\Temp\ccnIvQxj.s 			page 16


 327              	.LBE7:
 139:Core/Src/main.c ****   {
 328              		.loc 1 139 9 is_stmt 1 view .LVU94
 329              	.L18:
 139:Core/Src/main.c ****   {
 330              		.loc 1 139 3 view .LVU95
 331              	.LBB8:
 142:Core/Src/main.c ****   volatile GPIO_PinState dio2_em2 = HAL_GPIO_ReadPin(GPIO_IN_DIO2_GPIO_Port,GPIO_IN_DIO2_Pin); // M
 332              		.loc 1 142 3 view .LVU96
 142:Core/Src/main.c ****   volatile GPIO_PinState dio2_em2 = HAL_GPIO_ReadPin(GPIO_IN_DIO2_GPIO_Port,GPIO_IN_DIO2_Pin); // M
 333              		.loc 1 142 37 is_stmt 0 view .LVU97
 334 00a6 0121     		movs	r1, #1
 335 00a8 2E48     		ldr	r0, .L22+8
 336 00aa FFF7FEFF 		bl	HAL_GPIO_ReadPin
 337              	.LVL23:
 142:Core/Src/main.c ****   volatile GPIO_PinState dio2_em2 = HAL_GPIO_ReadPin(GPIO_IN_DIO2_GPIO_Port,GPIO_IN_DIO2_Pin); // M
 338              		.loc 1 142 26 discriminator 1 view .LVU98
 339 00ae 0DF10103 		add	r3, sp, #1
 340 00b2 1870     		strb	r0, [r3]
 143:Core/Src/main.c ****   volatile GPIO_PinState dio3_td1 = HAL_GPIO_ReadPin(GPIO_IN_DIO3_GPIO_Port,GPIO_IN_DIO3_Pin); // M
 341              		.loc 1 143 3 is_stmt 1 view .LVU99
 143:Core/Src/main.c ****   volatile GPIO_PinState dio3_td1 = HAL_GPIO_ReadPin(GPIO_IN_DIO3_GPIO_Port,GPIO_IN_DIO3_Pin); // M
 342              		.loc 1 143 37 is_stmt 0 view .LVU100
 343 00b4 0121     		movs	r1, #1
 344 00b6 4FF09040 		mov	r0, #1207959552
 345 00ba FFF7FEFF 		bl	HAL_GPIO_ReadPin
 346              	.LVL24:
 143:Core/Src/main.c ****   volatile GPIO_PinState dio3_td1 = HAL_GPIO_ReadPin(GPIO_IN_DIO3_GPIO_Port,GPIO_IN_DIO3_Pin); // M
 347              		.loc 1 143 26 discriminator 1 view .LVU101
 348 00be 0DF10203 		add	r3, sp, #2
 349 00c2 1870     		strb	r0, [r3]
 144:Core/Src/main.c ****   volatile GPIO_PinState dio4_td2 = HAL_GPIO_ReadPin(GPIO_IN_DIO4_GPIO_Port,GPIO_IN_DIO4_Pin); // M
 350              		.loc 1 144 3 is_stmt 1 view .LVU102
 144:Core/Src/main.c ****   volatile GPIO_PinState dio4_td2 = HAL_GPIO_ReadPin(GPIO_IN_DIO4_GPIO_Port,GPIO_IN_DIO4_Pin); // M
 351              		.loc 1 144 37 is_stmt 0 view .LVU103
 352 00c4 4FF48071 		mov	r1, #256
 353 00c8 4FF09040 		mov	r0, #1207959552
 354 00cc FFF7FEFF 		bl	HAL_GPIO_ReadPin
 355              	.LVL25:
 144:Core/Src/main.c ****   volatile GPIO_PinState dio4_td2 = HAL_GPIO_ReadPin(GPIO_IN_DIO4_GPIO_Port,GPIO_IN_DIO4_Pin); // M
 356              		.loc 1 144 26 discriminator 1 view .LVU104
 357 00d0 0DF10303 		add	r3, sp, #3
 358 00d4 1870     		strb	r0, [r3]
 145:Core/Src/main.c ****   volatile GPIO_PinState foto = HAL_GPIO_ReadPin(GPIO_IN_FOTO_GPIO_Port,GPIO_IN_FOTO_Pin); // Måli
 359              		.loc 1 145 3 is_stmt 1 view .LVU105
 145:Core/Src/main.c ****   volatile GPIO_PinState foto = HAL_GPIO_ReadPin(GPIO_IN_FOTO_GPIO_Port,GPIO_IN_FOTO_Pin); // Måli
 360              		.loc 1 145 37 is_stmt 0 view .LVU106
 361 00d6 1021     		movs	r1, #16
 362 00d8 4FF09040 		mov	r0, #1207959552
 363 00dc FFF7FEFF 		bl	HAL_GPIO_ReadPin
 364              	.LVL26:
 145:Core/Src/main.c ****   volatile GPIO_PinState foto = HAL_GPIO_ReadPin(GPIO_IN_FOTO_GPIO_Port,GPIO_IN_FOTO_Pin); // Måli
 365              		.loc 1 145 26 discriminator 1 view .LVU107
 366 00e0 01AB     		add	r3, sp, #4
 367 00e2 1870     		strb	r0, [r3]
 146:Core/Src/main.c ****   volatile GPIO_PinState magn = HAL_GPIO_ReadPin(GPIO_IN_MAGN_GPIO_Port,GPIO_IN_MAGN_Pin); // Måli
 368              		.loc 1 146 3 is_stmt 1 view .LVU108
ARM GAS  C:\Users\vmyhr\AppData\Local\Temp\ccnIvQxj.s 			page 17


 146:Core/Src/main.c ****   volatile GPIO_PinState magn = HAL_GPIO_ReadPin(GPIO_IN_MAGN_GPIO_Port,GPIO_IN_MAGN_Pin); // Måli
 369              		.loc 1 146 33 is_stmt 0 view .LVU109
 370 00e4 0421     		movs	r1, #4
 371 00e6 4FF09040 		mov	r0, #1207959552
 372 00ea FFF7FEFF 		bl	HAL_GPIO_ReadPin
 373              	.LVL27:
 146:Core/Src/main.c ****   volatile GPIO_PinState magn = HAL_GPIO_ReadPin(GPIO_IN_MAGN_GPIO_Port,GPIO_IN_MAGN_Pin); // Måli
 374              		.loc 1 146 26 discriminator 1 view .LVU110
 375 00ee 0DF10503 		add	r3, sp, #5
 376 00f2 1870     		strb	r0, [r3]
 147:Core/Src/main.c **** 
 377              		.loc 1 147 3 is_stmt 1 view .LVU111
 147:Core/Src/main.c **** 
 378              		.loc 1 147 33 is_stmt 0 view .LVU112
 379 00f4 8021     		movs	r1, #128
 380 00f6 4FF09040 		mov	r0, #1207959552
 381 00fa FFF7FEFF 		bl	HAL_GPIO_ReadPin
 382              	.LVL28:
 147:Core/Src/main.c **** 
 383              		.loc 1 147 26 discriminator 1 view .LVU113
 384 00fe 0DF10605 		add	r5, sp, #6
 385 0102 2870     		strb	r0, [r5]
 149:Core/Src/main.c ****     if (magn == GPIO_PIN_SET && foto == GPIO_PIN_RESET && heli == GPIO_PIN_RESET){
 386              		.loc 1 149 3 is_stmt 1 view .LVU114
 149:Core/Src/main.c ****     if (magn == GPIO_PIN_SET && foto == GPIO_PIN_RESET && heli == GPIO_PIN_RESET){
 387              		.loc 1 149 33 is_stmt 0 view .LVU115
 388 0104 0221     		movs	r1, #2
 389 0106 4FF09040 		mov	r0, #1207959552
 390 010a FFF7FEFF 		bl	HAL_GPIO_ReadPin
 391              	.LVL29:
 149:Core/Src/main.c ****     if (magn == GPIO_PIN_SET && foto == GPIO_PIN_RESET && heli == GPIO_PIN_RESET){
 392              		.loc 1 149 26 discriminator 1 view .LVU116
 393 010e 0DF10703 		add	r3, sp, #7
 394 0112 1870     		strb	r0, [r3]
 150:Core/Src/main.c ****       HAL_GPIO_WritePin(GPIO_OUT_TRANS2_GPIO_Port,GPIO_OUT_TRANS2_Pin,GPIO_PIN_SET);
 395              		.loc 1 150 5 is_stmt 1 view .LVU117
 150:Core/Src/main.c ****       HAL_GPIO_WritePin(GPIO_OUT_TRANS2_GPIO_Port,GPIO_OUT_TRANS2_Pin,GPIO_PIN_SET);
 396              		.loc 1 150 14 is_stmt 0 view .LVU118
 397 0114 2B78     		ldrb	r3, [r5]	@ zero_extendqisi2
 398 0116 DBB2     		uxtb	r3, r3
 150:Core/Src/main.c ****       HAL_GPIO_WritePin(GPIO_OUT_TRANS2_GPIO_Port,GPIO_OUT_TRANS2_Pin,GPIO_PIN_SET);
 399              		.loc 1 150 8 view .LVU119
 400 0118 012B     		cmp	r3, #1
 401 011a 9DD1     		bne	.L13
 150:Core/Src/main.c ****       HAL_GPIO_WritePin(GPIO_OUT_TRANS2_GPIO_Port,GPIO_OUT_TRANS2_Pin,GPIO_PIN_SET);
 402              		.loc 1 150 38 discriminator 1 view .LVU120
 403 011c 9DF80530 		ldrb	r3, [sp, #5]	@ zero_extendqisi2
 150:Core/Src/main.c ****       HAL_GPIO_WritePin(GPIO_OUT_TRANS2_GPIO_Port,GPIO_OUT_TRANS2_Pin,GPIO_PIN_SET);
 404              		.loc 1 150 30 discriminator 1 view .LVU121
 405 0120 002B     		cmp	r3, #0
 406 0122 99D1     		bne	.L13
 150:Core/Src/main.c ****       HAL_GPIO_WritePin(GPIO_OUT_TRANS2_GPIO_Port,GPIO_OUT_TRANS2_Pin,GPIO_PIN_SET);
 407              		.loc 1 150 64 discriminator 2 view .LVU122
 408 0124 9DF80730 		ldrb	r3, [sp, #7]	@ zero_extendqisi2
 150:Core/Src/main.c ****       HAL_GPIO_WritePin(GPIO_OUT_TRANS2_GPIO_Port,GPIO_OUT_TRANS2_Pin,GPIO_PIN_SET);
 409              		.loc 1 150 56 discriminator 2 view .LVU123
 410 0128 002B     		cmp	r3, #0
ARM GAS  C:\Users\vmyhr\AppData\Local\Temp\ccnIvQxj.s 			page 18


 411 012a 95D1     		bne	.L13
 151:Core/Src/main.c ****     }else{  
 412              		.loc 1 151 7 is_stmt 1 view .LVU124
 413 012c 0122     		movs	r2, #1
 414 012e 4FF48051 		mov	r1, #4096
 415 0132 4FF09040 		mov	r0, #1207959552
 416 0136 FFF7FEFF 		bl	HAL_GPIO_WritePin
 417              	.LVL30:
 418 013a 94E7     		b	.L14
 419              	.L21:
 155:Core/Src/main.c ****       //tellerflagg = 1;
 420              		.loc 1 155 64 is_stmt 0 discriminator 2 view .LVU125
 421 013c 9DF80730 		ldrb	r3, [sp, #7]	@ zero_extendqisi2
 422 0140 DBB2     		uxtb	r3, r3
 155:Core/Src/main.c ****       //tellerflagg = 1;
 423              		.loc 1 155 56 discriminator 2 view .LVU126
 424 0142 012B     		cmp	r3, #1
 425 0144 97D1     		bne	.L15
 157:Core/Src/main.c ****     }else { 
 426              		.loc 1 157 7 is_stmt 1 view .LVU127
 427 0146 0122     		movs	r2, #1
 428 0148 4FF40071 		mov	r1, #512
 429 014c 4FF09040 		mov	r0, #1207959552
 430 0150 FFF7FEFF 		bl	HAL_GPIO_WritePin
 431              	.LVL31:
 432 0154 96E7     		b	.L16
 433              	.L19:
 166:Core/Src/main.c ****         
 434              		.loc 1 166 26 is_stmt 0 view .LVU128
 435 0156 0024     		movs	r4, #0
 436              	.LVL32:
 166:Core/Src/main.c ****         
 437              		.loc 1 166 26 view .LVU129
 438 0158 A3E7     		b	.L17
 439              	.L23:
 440 015a 00BF     		.align	2
 441              	.L22:
 442 015c 00000000 		.word	hi2c1
 443 0160 00000000 		.word	MS5803_coefficient
 444 0164 00040048 		.word	1207960576
 445              	.LBE8:
 446              		.cfi_endproc
 447              	.LFE135:
 449              		.global	tellerflagg
 450              		.section	.bss.tellerflagg,"aw",%nobits
 453              	tellerflagg:
 454 0000 00       		.space	1
 455              		.global	MS5803_coefficient
 456              		.section	.bss.MS5803_coefficient,"aw",%nobits
 457              		.align	2
 460              	MS5803_coefficient:
 461 0000 00000000 		.space	12
 461      00000000 
 461      00000000 
 462              		.text
 463              	.Letext0:
 464              		.file 3 "C:/Users/vmyhr/AppData/Roaming/Code/User/globalStorage/bmd.stm32-for-vscode/@xpack-dev-to
ARM GAS  C:\Users\vmyhr\AppData\Local\Temp\ccnIvQxj.s 			page 19


 465              		.file 4 "C:/Users/vmyhr/AppData/Roaming/Code/User/globalStorage/bmd.stm32-for-vscode/@xpack-dev-to
 466              		.file 5 "Drivers/CMSIS/Device/ST/STM32G4xx/Include/stm32g431xx.h"
 467              		.file 6 "C:/Users/vmyhr/AppData/Roaming/Code/User/globalStorage/bmd.stm32-for-vscode/@xpack-dev-to
 468              		.file 7 "Drivers/STM32G4xx_HAL_Driver/Inc/stm32g4xx_hal_def.h"
 469              		.file 8 "Drivers/STM32G4xx_HAL_Driver/Inc/stm32g4xx_hal_rcc.h"
 470              		.file 9 "Drivers/STM32G4xx_HAL_Driver/Inc/stm32g4xx_hal_gpio.h"
 471              		.file 10 "Drivers/STM32G4xx_HAL_Driver/Inc/stm32g4xx_hal_dma.h"
 472              		.file 11 "Drivers/STM32G4xx_HAL_Driver/Inc/stm32g4xx_hal_i2c.h"
 473              		.file 12 "Core/Inc/i2c.h"
 474              		.file 13 "Core/Inc/ms5803.h"
 475              		.file 14 "Drivers/STM32G4xx_HAL_Driver/Inc/stm32g4xx_hal_pwr_ex.h"
 476              		.file 15 "C:/Users/vmyhr/AppData/Roaming/Code/User/globalStorage/bmd.stm32-for-vscode/@xpack-dev-t
 477              		.file 16 "Core/Inc/spi.h"
 478              		.file 17 "Core/Inc/gpio.h"
 479              		.file 18 "Drivers/STM32G4xx_HAL_Driver/Inc/stm32g4xx_hal.h"
 480              		.file 19 "<built-in>"
ARM GAS  C:\Users\vmyhr\AppData\Local\Temp\ccnIvQxj.s 			page 20


DEFINED SYMBOLS
                            *ABS*:00000000 main.c
C:\Users\vmyhr\AppData\Local\Temp\ccnIvQxj.s:21     .text.Error_Handler:00000000 $t
C:\Users\vmyhr\AppData\Local\Temp\ccnIvQxj.s:27     .text.Error_Handler:00000000 Error_Handler
C:\Users\vmyhr\AppData\Local\Temp\ccnIvQxj.s:59     .text.SystemClock_Config:00000000 $t
C:\Users\vmyhr\AppData\Local\Temp\ccnIvQxj.s:65     .text.SystemClock_Config:00000000 SystemClock_Config
C:\Users\vmyhr\AppData\Local\Temp\ccnIvQxj.s:181    .text.main:00000000 $t
C:\Users\vmyhr\AppData\Local\Temp\ccnIvQxj.s:187    .text.main:00000000 main
C:\Users\vmyhr\AppData\Local\Temp\ccnIvQxj.s:442    .text.main:0000015c $d
C:\Users\vmyhr\AppData\Local\Temp\ccnIvQxj.s:460    .bss.MS5803_coefficient:00000000 MS5803_coefficient
C:\Users\vmyhr\AppData\Local\Temp\ccnIvQxj.s:453    .bss.tellerflagg:00000000 tellerflagg
C:\Users\vmyhr\AppData\Local\Temp\ccnIvQxj.s:454    .bss.tellerflagg:00000000 $d
C:\Users\vmyhr\AppData\Local\Temp\ccnIvQxj.s:457    .bss.MS5803_coefficient:00000000 $d

UNDEFINED SYMBOLS
memset
HAL_PWREx_ControlVoltageScaling
HAL_RCC_OscConfig
HAL_RCC_ClockConfig
HAL_Init
MX_GPIO_Init
MX_I2C1_Init
MX_SPI3_Init
HAL_I2C_IsDeviceReady
MS5803_coeff
HAL_GPIO_WritePin
MS5803_get_values
HAL_GetTick
HAL_GPIO_ReadPin
hi2c1
