ARM GAS  C:\Users\vmyhr\AppData\Local\Temp\ccglWWvH.s 			page 1


   1              		.cpu cortex-m4
   2              		.arch armv7e-m
   3              		.fpu fpv4-sp-d16
   4              		.eabi_attribute 27, 1
   5              		.eabi_attribute 28, 1
   6              		.eabi_attribute 20, 1
   7              		.eabi_attribute 21, 1
   8              		.eabi_attribute 23, 3
   9              		.eabi_attribute 24, 1
  10              		.eabi_attribute 25, 1
  11              		.eabi_attribute 26, 1
  12              		.eabi_attribute 30, 1
  13              		.eabi_attribute 34, 1
  14              		.eabi_attribute 18, 4
  15              		.file	"spi_slave_module.c"
  16              		.text
  17              	.Ltext0:
  18              		.cfi_sections	.debug_frame
  19              		.file 1 "Core/Src/spi_slave_module.c"
  20              		.section	.text.check_command,"ax",%progbits
  21              		.align	1
  22              		.global	check_command
  23              		.syntax unified
  24              		.thumb
  25              		.thumb_func
  27              	check_command:
  28              	.LVL0:
  29              	.LFB0:
   1:Core/Src/spi_slave_module.c **** #include "spi_slave_module.h"
   2:Core/Src/spi_slave_module.c **** #include "stdint.h"
   3:Core/Src/spi_slave_module.c **** 
   4:Core/Src/spi_slave_module.c **** 
   5:Core/Src/spi_slave_module.c **** void check_command(uint8_t* command, uint8_t* command_flag)
   6:Core/Src/spi_slave_module.c **** {
  30              		.loc 1 6 1 view -0
  31              		.cfi_startproc
  32              		@ args = 0, pretend = 0, frame = 0
  33              		@ frame_needed = 0, uses_anonymous_args = 0
  34              		@ link register save eliminated.
   7:Core/Src/spi_slave_module.c **** }...
  35              		.loc 1 7 1 view .LVU1
  36 0000 7047     		bx	lr
  37              		.cfi_endproc
  38              	.LFE0:
  40              		.text
  41              	.Letext0:
  42              		.file 2 "C:/Users/vmyhr/AppData/Roaming/Code/User/globalStorage/bmd.stm32-for-vscode/@xpack-dev-to
  43              		.file 3 "C:/Users/vmyhr/AppData/Roaming/Code/User/globalStorage/bmd.stm32-for-vscode/@xpack-dev-to
ARM GAS  C:\Users\vmyhr\AppData\Local\Temp\ccglWWvH.s 			page 2


DEFINED SYMBOLS
                            *ABS*:00000000 spi_slave_module.c
C:\Users\vmyhr\AppData\Local\Temp\ccglWWvH.s:21     .text.check_command:00000000 $t
C:\Users\vmyhr\AppData\Local\Temp\ccglWWvH.s:27     .text.check_command:00000000 check_command

NO UNDEFINED SYMBOLS
