ARM GAS  C:\Users\John_\AppData\Local\Temp\ccMIOKw7.s 			page 1


   1              		.cpu cortex-m4
   2              		.arch armv7e-m
   3              		.fpu fpv4-sp-d16
   4              		.eabi_attribute 27, 1
   5              		.eabi_attribute 28, 1
   6              		.eabi_attribute 20, 1
   7              		.eabi_attribute 21, 1
   8              		.eabi_attribute 23, 3
   9              		.eabi_attribute 24, 1
  10              		.eabi_attribute 25, 1
  11              		.eabi_attribute 26, 1
  12              		.eabi_attribute 30, 1
  13              		.eabi_attribute 34, 1
  14              		.eabi_attribute 18, 4
  15              		.file	"gpio.c"
  16              		.text
  17              	.Ltext0:
  18              		.cfi_sections	.debug_frame
  19              		.file 1 "Core/Src/gpio.c"
  20              		.section	.text.MX_GPIO_Init,"ax",%progbits
  21              		.align	1
  22              		.global	MX_GPIO_Init
  23              		.syntax unified
  24              		.thumb
  25              		.thumb_func
  27              	MX_GPIO_Init:
  28              	.LFB132:
   1:Core/Src/gpio.c **** /* USER CODE BEGIN Header */
   2:Core/Src/gpio.c **** /**
   3:Core/Src/gpio.c ****   ******************************************************************************
   4:Core/Src/gpio.c ****   * @file    gpio.c
   5:Core/Src/gpio.c ****   * @brief   This file provides code for the configuration
   6:Core/Src/gpio.c ****   *          of all used GPIO pins.
   7:Core/Src/gpio.c ****   ******************************************************************************
   8:Core/Src/gpio.c ****   * @attention
   9:Core/Src/gpio.c ****   *
  10:Core/Src/gpio.c ****   * Copyright (c) 2024 STMicroelectronics.
  11:Core/Src/gpio.c ****   * All rights reserved.
  12:Core/Src/gpio.c ****   *
  13:Core/Src/gpio.c ****   * This software is licensed under terms that can be found in the LICENSE file
  14:Core/Src/gpio.c ****   * in the root directory of this software component.
  15:Core/Src/gpio.c ****   * If no LICENSE file comes with this software, it is provided AS-IS.
  16:Core/Src/gpio.c ****   *
  17:Core/Src/gpio.c ****   ******************************************************************************
  18:Core/Src/gpio.c ****   */
  19:Core/Src/gpio.c **** /* USER CODE END Header */
  20:Core/Src/gpio.c **** 
  21:Core/Src/gpio.c **** /* Includes ------------------------------------------------------------------*/
  22:Core/Src/gpio.c **** #include "gpio.h"
  23:Core/Src/gpio.c **** 
  24:Core/Src/gpio.c **** /* USER CODE BEGIN 0 */
  25:Core/Src/gpio.c **** 
  26:Core/Src/gpio.c **** /* USER CODE END 0 */
  27:Core/Src/gpio.c **** 
  28:Core/Src/gpio.c **** /*----------------------------------------------------------------------------*/
  29:Core/Src/gpio.c **** /* Configure GPIO                                                             */
  30:Core/Src/gpio.c **** /*----------------------------------------------------------------------------*/
ARM GAS  C:\Users\John_\AppData\Local\Temp\ccMIOKw7.s 			page 2


  31:Core/Src/gpio.c **** /* USER CODE BEGIN 1 */
  32:Core/Src/gpio.c **** 
  33:Core/Src/gpio.c **** /* USER CODE END 1 */
  34:Core/Src/gpio.c **** 
  35:Core/Src/gpio.c **** /** Configure pins as
  36:Core/Src/gpio.c ****         * Analog
  37:Core/Src/gpio.c ****         * Input
  38:Core/Src/gpio.c ****         * Output
  39:Core/Src/gpio.c ****         * EVENT_OUT
  40:Core/Src/gpio.c ****         * EXTI
  41:Core/Src/gpio.c **** */
  42:Core/Src/gpio.c **** void MX_GPIO_Init(void)
  43:Core/Src/gpio.c **** {
  29              		.loc 1 43 1 view -0
  30              		.cfi_startproc
  31              		@ args = 0, pretend = 0, frame = 32
  32              		@ frame_needed = 0, uses_anonymous_args = 0
  33 0000 F0B5     		push	{r4, r5, r6, r7, lr}
  34              		.cfi_def_cfa_offset 20
  35              		.cfi_offset 4, -20
  36              		.cfi_offset 5, -16
  37              		.cfi_offset 6, -12
  38              		.cfi_offset 7, -8
  39              		.cfi_offset 14, -4
  40 0002 89B0     		sub	sp, sp, #36
  41              		.cfi_def_cfa_offset 56
  44:Core/Src/gpio.c **** 
  45:Core/Src/gpio.c ****   GPIO_InitTypeDef GPIO_InitStruct = {0};
  42              		.loc 1 45 3 view .LVU1
  43              		.loc 1 45 20 is_stmt 0 view .LVU2
  44 0004 0024     		movs	r4, #0
  45 0006 0394     		str	r4, [sp, #12]
  46 0008 0494     		str	r4, [sp, #16]
  47 000a 0594     		str	r4, [sp, #20]
  48 000c 0694     		str	r4, [sp, #24]
  49 000e 0794     		str	r4, [sp, #28]
  46:Core/Src/gpio.c **** 
  47:Core/Src/gpio.c ****   /* GPIO Ports Clock Enable */
  48:Core/Src/gpio.c ****   __HAL_RCC_GPIOF_CLK_ENABLE();
  50              		.loc 1 48 3 is_stmt 1 view .LVU3
  51              	.LBB2:
  52              		.loc 1 48 3 view .LVU4
  53              		.loc 1 48 3 view .LVU5
  54 0010 2D4B     		ldr	r3, .L3
  55 0012 DA6C     		ldr	r2, [r3, #76]
  56 0014 42F02002 		orr	r2, r2, #32
  57 0018 DA64     		str	r2, [r3, #76]
  58              		.loc 1 48 3 view .LVU6
  59 001a DA6C     		ldr	r2, [r3, #76]
  60 001c 02F02002 		and	r2, r2, #32
  61 0020 0092     		str	r2, [sp]
  62              		.loc 1 48 3 view .LVU7
  63 0022 009A     		ldr	r2, [sp]
  64              	.LBE2:
  65              		.loc 1 48 3 view .LVU8
  49:Core/Src/gpio.c ****   __HAL_RCC_GPIOA_CLK_ENABLE();
  66              		.loc 1 49 3 view .LVU9
ARM GAS  C:\Users\John_\AppData\Local\Temp\ccMIOKw7.s 			page 3


  67              	.LBB3:
  68              		.loc 1 49 3 view .LVU10
  69              		.loc 1 49 3 view .LVU11
  70 0024 DA6C     		ldr	r2, [r3, #76]
  71 0026 42F00102 		orr	r2, r2, #1
  72 002a DA64     		str	r2, [r3, #76]
  73              		.loc 1 49 3 view .LVU12
  74 002c DA6C     		ldr	r2, [r3, #76]
  75 002e 02F00102 		and	r2, r2, #1
  76 0032 0192     		str	r2, [sp, #4]
  77              		.loc 1 49 3 view .LVU13
  78 0034 019A     		ldr	r2, [sp, #4]
  79              	.LBE3:
  80              		.loc 1 49 3 view .LVU14
  50:Core/Src/gpio.c ****   __HAL_RCC_GPIOB_CLK_ENABLE();
  81              		.loc 1 50 3 view .LVU15
  82              	.LBB4:
  83              		.loc 1 50 3 view .LVU16
  84              		.loc 1 50 3 view .LVU17
  85 0036 DA6C     		ldr	r2, [r3, #76]
  86 0038 42F00202 		orr	r2, r2, #2
  87 003c DA64     		str	r2, [r3, #76]
  88              		.loc 1 50 3 view .LVU18
  89 003e DB6C     		ldr	r3, [r3, #76]
  90 0040 03F00203 		and	r3, r3, #2
  91 0044 0293     		str	r3, [sp, #8]
  92              		.loc 1 50 3 view .LVU19
  93 0046 029B     		ldr	r3, [sp, #8]
  94              	.LBE4:
  95              		.loc 1 50 3 view .LVU20
  51:Core/Src/gpio.c **** 
  52:Core/Src/gpio.c ****   /*Configure GPIO pin Output Level */
  53:Core/Src/gpio.c ****   HAL_GPIO_WritePin(GPIOF, GPIO_OUT_TRANS3_Pin|GPIO_OUT_TRANS2_Pin, GPIO_PIN_RESET);
  96              		.loc 1 53 3 view .LVU21
  97 0048 204F     		ldr	r7, .L3+4
  98 004a 2246     		mov	r2, r4
  99 004c 0321     		movs	r1, #3
 100 004e 3846     		mov	r0, r7
 101 0050 FFF7FEFF 		bl	HAL_GPIO_WritePin
 102              	.LVL0:
  54:Core/Src/gpio.c **** 
  55:Core/Src/gpio.c ****   /*Configure GPIO pin Output Level */
  56:Core/Src/gpio.c ****   HAL_GPIO_WritePin(GPIOA, GPIO_IN_DIO4_Pin|GPIO_OUT_TRANS1_Pin|GPIO_OUT_TRANS8_Pin|GPIO_OUT_TRANS7
 103              		.loc 1 56 3 view .LVU22
 104 0054 2246     		mov	r2, r4
 105 0056 41F21071 		movw	r1, #5904
 106 005a 4FF09040 		mov	r0, #1207959552
 107 005e FFF7FEFF 		bl	HAL_GPIO_WritePin
 108              	.LVL1:
  57:Core/Src/gpio.c ****                           |GPIO_OUT_TRANS6_Pin, GPIO_PIN_RESET);
  58:Core/Src/gpio.c **** 
  59:Core/Src/gpio.c ****   /*Configure GPIO pin Output Level */
  60:Core/Src/gpio.c ****   HAL_GPIO_WritePin(GPIOB, GPIO_OUT_TRANS5_Pin|GPIO_OUT_TRANS4_Pin|LD2_Pin, GPIO_PIN_RESET);
 109              		.loc 1 60 3 view .LVU23
 110 0062 1B4E     		ldr	r6, .L3+8
 111 0064 2246     		mov	r2, r4
 112 0066 40F24111 		movw	r1, #321
ARM GAS  C:\Users\John_\AppData\Local\Temp\ccMIOKw7.s 			page 4


 113 006a 3046     		mov	r0, r6
 114 006c FFF7FEFF 		bl	HAL_GPIO_WritePin
 115              	.LVL2:
  61:Core/Src/gpio.c **** 
  62:Core/Src/gpio.c ****   /*Configure GPIO pins : PFPin PFPin */
  63:Core/Src/gpio.c ****   GPIO_InitStruct.Pin = GPIO_OUT_TRANS3_Pin|GPIO_OUT_TRANS2_Pin;
 116              		.loc 1 63 3 view .LVU24
 117              		.loc 1 63 23 is_stmt 0 view .LVU25
 118 0070 0323     		movs	r3, #3
 119 0072 0393     		str	r3, [sp, #12]
  64:Core/Src/gpio.c ****   GPIO_InitStruct.Mode = GPIO_MODE_OUTPUT_PP;
 120              		.loc 1 64 3 is_stmt 1 view .LVU26
 121              		.loc 1 64 24 is_stmt 0 view .LVU27
 122 0074 0125     		movs	r5, #1
 123 0076 0495     		str	r5, [sp, #16]
  65:Core/Src/gpio.c ****   GPIO_InitStruct.Pull = GPIO_NOPULL;
 124              		.loc 1 65 3 is_stmt 1 view .LVU28
 125              		.loc 1 65 24 is_stmt 0 view .LVU29
 126 0078 0594     		str	r4, [sp, #20]
  66:Core/Src/gpio.c ****   GPIO_InitStruct.Speed = GPIO_SPEED_FREQ_LOW;
 127              		.loc 1 66 3 is_stmt 1 view .LVU30
 128              		.loc 1 66 25 is_stmt 0 view .LVU31
 129 007a 0694     		str	r4, [sp, #24]
  67:Core/Src/gpio.c ****   HAL_GPIO_Init(GPIOF, &GPIO_InitStruct);
 130              		.loc 1 67 3 is_stmt 1 view .LVU32
 131 007c 03A9     		add	r1, sp, #12
 132 007e 3846     		mov	r0, r7
 133 0080 FFF7FEFF 		bl	HAL_GPIO_Init
 134              	.LVL3:
  68:Core/Src/gpio.c **** 
  69:Core/Src/gpio.c ****   /*Configure GPIO pins : PAPin PAPin PAPin PAPin
  70:Core/Src/gpio.c ****                            PA5 PA6 PA7 PAPin */
  71:Core/Src/gpio.c ****   GPIO_InitStruct.Pin = GPIO_IN_DIO1_Pin|GPIO_IN_DIO2_Pin|GPIO_IN_FOTO_Pin|GPIO_IN_DIO3_Pin
 135              		.loc 1 71 3 view .LVU33
 136              		.loc 1 71 23 is_stmt 0 view .LVU34
 137 0084 40F6EF03 		movw	r3, #2287
 138 0088 0393     		str	r3, [sp, #12]
  72:Core/Src/gpio.c ****                           |GPIO_PIN_5|GPIO_PIN_6|GPIO_PIN_7|SPI3_CS_Pin;
  73:Core/Src/gpio.c ****   GPIO_InitStruct.Mode = GPIO_MODE_INPUT;
 139              		.loc 1 73 3 is_stmt 1 view .LVU35
 140              		.loc 1 73 24 is_stmt 0 view .LVU36
 141 008a 0494     		str	r4, [sp, #16]
  74:Core/Src/gpio.c ****   GPIO_InitStruct.Pull = GPIO_NOPULL;
 142              		.loc 1 74 3 is_stmt 1 view .LVU37
 143              		.loc 1 74 24 is_stmt 0 view .LVU38
 144 008c 0594     		str	r4, [sp, #20]
  75:Core/Src/gpio.c ****   HAL_GPIO_Init(GPIOA, &GPIO_InitStruct);
 145              		.loc 1 75 3 is_stmt 1 view .LVU39
 146 008e 03A9     		add	r1, sp, #12
 147 0090 4FF09040 		mov	r0, #1207959552
 148 0094 FFF7FEFF 		bl	HAL_GPIO_Init
 149              	.LVL4:
  76:Core/Src/gpio.c **** 
  77:Core/Src/gpio.c ****   /*Configure GPIO pins : PAPin PAPin PAPin PAPin
  78:Core/Src/gpio.c ****                            PAPin */
  79:Core/Src/gpio.c ****   GPIO_InitStruct.Pin = GPIO_IN_DIO4_Pin|GPIO_OUT_TRANS1_Pin|GPIO_OUT_TRANS8_Pin|GPIO_OUT_TRANS7_Pi
 150              		.loc 1 79 3 view .LVU40
ARM GAS  C:\Users\John_\AppData\Local\Temp\ccMIOKw7.s 			page 5


 151              		.loc 1 79 23 is_stmt 0 view .LVU41
 152 0098 41F21073 		movw	r3, #5904
 153 009c 0393     		str	r3, [sp, #12]
  80:Core/Src/gpio.c ****                           |GPIO_OUT_TRANS6_Pin;
  81:Core/Src/gpio.c ****   GPIO_InitStruct.Mode = GPIO_MODE_OUTPUT_PP;
 154              		.loc 1 81 3 is_stmt 1 view .LVU42
 155              		.loc 1 81 24 is_stmt 0 view .LVU43
 156 009e 0495     		str	r5, [sp, #16]
  82:Core/Src/gpio.c ****   GPIO_InitStruct.Pull = GPIO_NOPULL;
 157              		.loc 1 82 3 is_stmt 1 view .LVU44
 158              		.loc 1 82 24 is_stmt 0 view .LVU45
 159 00a0 0594     		str	r4, [sp, #20]
  83:Core/Src/gpio.c ****   GPIO_InitStruct.Speed = GPIO_SPEED_FREQ_LOW;
 160              		.loc 1 83 3 is_stmt 1 view .LVU46
 161              		.loc 1 83 25 is_stmt 0 view .LVU47
 162 00a2 0694     		str	r4, [sp, #24]
  84:Core/Src/gpio.c ****   HAL_GPIO_Init(GPIOA, &GPIO_InitStruct);
 163              		.loc 1 84 3 is_stmt 1 view .LVU48
 164 00a4 03A9     		add	r1, sp, #12
 165 00a6 4FF09040 		mov	r0, #1207959552
 166 00aa FFF7FEFF 		bl	HAL_GPIO_Init
 167              	.LVL5:
  85:Core/Src/gpio.c **** 
  86:Core/Src/gpio.c ****   /*Configure GPIO pins : PBPin PBPin PBPin */
  87:Core/Src/gpio.c ****   GPIO_InitStruct.Pin = GPIO_OUT_TRANS5_Pin|GPIO_OUT_TRANS4_Pin|LD2_Pin;
 168              		.loc 1 87 3 view .LVU49
 169              		.loc 1 87 23 is_stmt 0 view .LVU50
 170 00ae 40F24113 		movw	r3, #321
 171 00b2 0393     		str	r3, [sp, #12]
  88:Core/Src/gpio.c ****   GPIO_InitStruct.Mode = GPIO_MODE_OUTPUT_PP;
 172              		.loc 1 88 3 is_stmt 1 view .LVU51
 173              		.loc 1 88 24 is_stmt 0 view .LVU52
 174 00b4 0495     		str	r5, [sp, #16]
  89:Core/Src/gpio.c ****   GPIO_InitStruct.Pull = GPIO_NOPULL;
 175              		.loc 1 89 3 is_stmt 1 view .LVU53
 176              		.loc 1 89 24 is_stmt 0 view .LVU54
 177 00b6 0594     		str	r4, [sp, #20]
  90:Core/Src/gpio.c ****   GPIO_InitStruct.Speed = GPIO_SPEED_FREQ_LOW;
 178              		.loc 1 90 3 is_stmt 1 view .LVU55
 179              		.loc 1 90 25 is_stmt 0 view .LVU56
 180 00b8 0694     		str	r4, [sp, #24]
  91:Core/Src/gpio.c ****   HAL_GPIO_Init(GPIOB, &GPIO_InitStruct);
 181              		.loc 1 91 3 is_stmt 1 view .LVU57
 182 00ba 03A9     		add	r1, sp, #12
 183 00bc 3046     		mov	r0, r6
 184 00be FFF7FEFF 		bl	HAL_GPIO_Init
 185              	.LVL6:
  92:Core/Src/gpio.c **** 
  93:Core/Src/gpio.c **** }
 186              		.loc 1 93 1 is_stmt 0 view .LVU58
 187 00c2 09B0     		add	sp, sp, #36
 188              		.cfi_def_cfa_offset 20
 189              		@ sp needed
 190 00c4 F0BD     		pop	{r4, r5, r6, r7, pc}
 191              	.L4:
 192 00c6 00BF     		.align	2
 193              	.L3:
ARM GAS  C:\Users\John_\AppData\Local\Temp\ccMIOKw7.s 			page 6


 194 00c8 00100240 		.word	1073876992
 195 00cc 00140048 		.word	1207964672
 196 00d0 00040048 		.word	1207960576
 197              		.cfi_endproc
 198              	.LFE132:
 200              		.text
 201              	.Letext0:
 202              		.file 2 "C:/Users/John_/AppData/Roaming/Code/User/globalStorage/bmd.stm32-for-vscode/@xpack-dev-to
 203              		.file 3 "C:/Users/John_/AppData/Roaming/Code/User/globalStorage/bmd.stm32-for-vscode/@xpack-dev-to
 204              		.file 4 "Drivers/CMSIS/Device/ST/STM32G4xx/Include/stm32g431xx.h"
 205              		.file 5 "Drivers/STM32G4xx_HAL_Driver/Inc/stm32g4xx_hal_gpio.h"
ARM GAS  C:\Users\John_\AppData\Local\Temp\ccMIOKw7.s 			page 7


DEFINED SYMBOLS
                            *ABS*:00000000 gpio.c
C:\Users\John_\AppData\Local\Temp\ccMIOKw7.s:21     .text.MX_GPIO_Init:00000000 $t
C:\Users\John_\AppData\Local\Temp\ccMIOKw7.s:27     .text.MX_GPIO_Init:00000000 MX_GPIO_Init
C:\Users\John_\AppData\Local\Temp\ccMIOKw7.s:194    .text.MX_GPIO_Init:000000c8 $d

UNDEFINED SYMBOLS
HAL_GPIO_WritePin
HAL_GPIO_Init
