ARM GAS  C:\Users\John_\AppData\Local\Temp\ccdcQt9O.s 			page 1


   1              		.cpu cortex-m4
   2              		.arch armv7e-m
   3              		.fpu fpv4-sp-d16
   4              		.eabi_attribute 27, 1
   5              		.eabi_attribute 28, 1
   6              		.eabi_attribute 20, 1
   7              		.eabi_attribute 21, 1
   8              		.eabi_attribute 23, 3
   9              		.eabi_attribute 24, 1
  10              		.eabi_attribute 25, 1
  11              		.eabi_attribute 26, 1
  12              		.eabi_attribute 30, 1
  13              		.eabi_attribute 34, 1
  14              		.eabi_attribute 18, 4
  15              		.file	"usart.c"
  16              		.text
  17              	.Ltext0:
  18              		.cfi_sections	.debug_frame
  19              		.file 1 "Core/Src/usart.c"
  20              		.section	.text.MX_USART2_UART_Init,"ax",%progbits
  21              		.align	1
  22              		.global	MX_USART2_UART_Init
  23              		.syntax unified
  24              		.thumb
  25              		.thumb_func
  27              	MX_USART2_UART_Init:
  28              	.LFB132:
   1:Core/Src/usart.c **** /* USER CODE BEGIN Header */
   2:Core/Src/usart.c **** /**
   3:Core/Src/usart.c ****   ******************************************************************************
   4:Core/Src/usart.c ****   * @file    usart.c
   5:Core/Src/usart.c ****   * @brief   This file provides code for the configuration
   6:Core/Src/usart.c ****   *          of the USART instances.
   7:Core/Src/usart.c ****   ******************************************************************************
   8:Core/Src/usart.c ****   * @attention
   9:Core/Src/usart.c ****   *
  10:Core/Src/usart.c ****   * Copyright (c) 2024 STMicroelectronics.
  11:Core/Src/usart.c ****   * All rights reserved.
  12:Core/Src/usart.c ****   *
  13:Core/Src/usart.c ****   * This software is licensed under terms that can be found in the LICENSE file
  14:Core/Src/usart.c ****   * in the root directory of this software component.
  15:Core/Src/usart.c ****   * If no LICENSE file comes with this software, it is provided AS-IS.
  16:Core/Src/usart.c ****   *
  17:Core/Src/usart.c ****   ******************************************************************************
  18:Core/Src/usart.c ****   */
  19:Core/Src/usart.c **** /* USER CODE END Header */
  20:Core/Src/usart.c **** /* Includes ------------------------------------------------------------------*/
  21:Core/Src/usart.c **** #include "usart.h"
  22:Core/Src/usart.c **** 
  23:Core/Src/usart.c **** /* USER CODE BEGIN 0 */
  24:Core/Src/usart.c **** 
  25:Core/Src/usart.c **** /* USER CODE END 0 */
  26:Core/Src/usart.c **** 
  27:Core/Src/usart.c **** UART_HandleTypeDef huart2;
  28:Core/Src/usart.c **** 
  29:Core/Src/usart.c **** /* USART2 init function */
  30:Core/Src/usart.c **** 
ARM GAS  C:\Users\John_\AppData\Local\Temp\ccdcQt9O.s 			page 2


  31:Core/Src/usart.c **** void MX_USART2_UART_Init(void)
  32:Core/Src/usart.c **** {
  29              		.loc 1 32 1 view -0
  30              		.cfi_startproc
  31              		@ args = 0, pretend = 0, frame = 0
  32              		@ frame_needed = 0, uses_anonymous_args = 0
  33 0000 08B5     		push	{r3, lr}
  34              		.cfi_def_cfa_offset 8
  35              		.cfi_offset 3, -8
  36              		.cfi_offset 14, -4
  33:Core/Src/usart.c **** 
  34:Core/Src/usart.c ****   /* USER CODE BEGIN USART2_Init 0 */
  35:Core/Src/usart.c **** 
  36:Core/Src/usart.c ****   /* USER CODE END USART2_Init 0 */
  37:Core/Src/usart.c **** 
  38:Core/Src/usart.c ****   /* USER CODE BEGIN USART2_Init 1 */
  39:Core/Src/usart.c **** 
  40:Core/Src/usart.c ****   /* USER CODE END USART2_Init 1 */
  41:Core/Src/usart.c ****   huart2.Instance = USART2;
  37              		.loc 1 41 3 view .LVU1
  38              		.loc 1 41 19 is_stmt 0 view .LVU2
  39 0002 1748     		ldr	r0, .L11
  40 0004 174B     		ldr	r3, .L11+4
  41 0006 0360     		str	r3, [r0]
  42:Core/Src/usart.c ****   huart2.Init.BaudRate = 115200;
  42              		.loc 1 42 3 is_stmt 1 view .LVU3
  43              		.loc 1 42 24 is_stmt 0 view .LVU4
  44 0008 4FF4E133 		mov	r3, #115200
  45 000c 4360     		str	r3, [r0, #4]
  43:Core/Src/usart.c ****   huart2.Init.WordLength = UART_WORDLENGTH_8B;
  46              		.loc 1 43 3 is_stmt 1 view .LVU5
  47              		.loc 1 43 26 is_stmt 0 view .LVU6
  48 000e 0023     		movs	r3, #0
  49 0010 8360     		str	r3, [r0, #8]
  44:Core/Src/usart.c ****   huart2.Init.StopBits = UART_STOPBITS_1;
  50              		.loc 1 44 3 is_stmt 1 view .LVU7
  51              		.loc 1 44 24 is_stmt 0 view .LVU8
  52 0012 C360     		str	r3, [r0, #12]
  45:Core/Src/usart.c ****   huart2.Init.Parity = UART_PARITY_NONE;
  53              		.loc 1 45 3 is_stmt 1 view .LVU9
  54              		.loc 1 45 22 is_stmt 0 view .LVU10
  55 0014 0361     		str	r3, [r0, #16]
  46:Core/Src/usart.c ****   huart2.Init.Mode = UART_MODE_TX_RX;
  56              		.loc 1 46 3 is_stmt 1 view .LVU11
  57              		.loc 1 46 20 is_stmt 0 view .LVU12
  58 0016 0C22     		movs	r2, #12
  59 0018 4261     		str	r2, [r0, #20]
  47:Core/Src/usart.c ****   huart2.Init.HwFlowCtl = UART_HWCONTROL_NONE;
  60              		.loc 1 47 3 is_stmt 1 view .LVU13
  61              		.loc 1 47 25 is_stmt 0 view .LVU14
  62 001a 8361     		str	r3, [r0, #24]
  48:Core/Src/usart.c ****   huart2.Init.OverSampling = UART_OVERSAMPLING_16;
  63              		.loc 1 48 3 is_stmt 1 view .LVU15
  64              		.loc 1 48 28 is_stmt 0 view .LVU16
  65 001c C361     		str	r3, [r0, #28]
  49:Core/Src/usart.c ****   huart2.Init.OneBitSampling = UART_ONE_BIT_SAMPLE_DISABLE;
  66              		.loc 1 49 3 is_stmt 1 view .LVU17
ARM GAS  C:\Users\John_\AppData\Local\Temp\ccdcQt9O.s 			page 3


  67              		.loc 1 49 30 is_stmt 0 view .LVU18
  68 001e 0362     		str	r3, [r0, #32]
  50:Core/Src/usart.c ****   huart2.Init.ClockPrescaler = UART_PRESCALER_DIV1;
  69              		.loc 1 50 3 is_stmt 1 view .LVU19
  70              		.loc 1 50 30 is_stmt 0 view .LVU20
  71 0020 4362     		str	r3, [r0, #36]
  51:Core/Src/usart.c ****   huart2.AdvancedInit.AdvFeatureInit = UART_ADVFEATURE_NO_INIT;
  72              		.loc 1 51 3 is_stmt 1 view .LVU21
  73              		.loc 1 51 38 is_stmt 0 view .LVU22
  74 0022 8362     		str	r3, [r0, #40]
  52:Core/Src/usart.c ****   if (HAL_UART_Init(&huart2) != HAL_OK)
  75              		.loc 1 52 3 is_stmt 1 view .LVU23
  76              		.loc 1 52 7 is_stmt 0 view .LVU24
  77 0024 FFF7FEFF 		bl	HAL_UART_Init
  78              	.LVL0:
  79              		.loc 1 52 6 discriminator 1 view .LVU25
  80 0028 70B9     		cbnz	r0, .L7
  81              	.L2:
  53:Core/Src/usart.c ****   {
  54:Core/Src/usart.c ****     Error_Handler();
  55:Core/Src/usart.c ****   }
  56:Core/Src/usart.c ****   if (HAL_UARTEx_SetTxFifoThreshold(&huart2, UART_TXFIFO_THRESHOLD_1_8) != HAL_OK)
  82              		.loc 1 56 3 is_stmt 1 view .LVU26
  83              		.loc 1 56 7 is_stmt 0 view .LVU27
  84 002a 0021     		movs	r1, #0
  85 002c 0C48     		ldr	r0, .L11
  86 002e FFF7FEFF 		bl	HAL_UARTEx_SetTxFifoThreshold
  87              	.LVL1:
  88              		.loc 1 56 6 discriminator 1 view .LVU28
  89 0032 60B9     		cbnz	r0, .L8
  90              	.L3:
  57:Core/Src/usart.c ****   {
  58:Core/Src/usart.c ****     Error_Handler();
  59:Core/Src/usart.c ****   }
  60:Core/Src/usart.c ****   if (HAL_UARTEx_SetRxFifoThreshold(&huart2, UART_RXFIFO_THRESHOLD_1_8) != HAL_OK)
  91              		.loc 1 60 3 is_stmt 1 view .LVU29
  92              		.loc 1 60 7 is_stmt 0 view .LVU30
  93 0034 0021     		movs	r1, #0
  94 0036 0A48     		ldr	r0, .L11
  95 0038 FFF7FEFF 		bl	HAL_UARTEx_SetRxFifoThreshold
  96              	.LVL2:
  97              		.loc 1 60 6 discriminator 1 view .LVU31
  98 003c 50B9     		cbnz	r0, .L9
  99              	.L4:
  61:Core/Src/usart.c ****   {
  62:Core/Src/usart.c ****     Error_Handler();
  63:Core/Src/usart.c ****   }
  64:Core/Src/usart.c ****   if (HAL_UARTEx_DisableFifoMode(&huart2) != HAL_OK)
 100              		.loc 1 64 3 is_stmt 1 view .LVU32
 101              		.loc 1 64 7 is_stmt 0 view .LVU33
 102 003e 0848     		ldr	r0, .L11
 103 0040 FFF7FEFF 		bl	HAL_UARTEx_DisableFifoMode
 104              	.LVL3:
 105              		.loc 1 64 6 discriminator 1 view .LVU34
 106 0044 48B9     		cbnz	r0, .L10
 107              	.L1:
  65:Core/Src/usart.c ****   {
ARM GAS  C:\Users\John_\AppData\Local\Temp\ccdcQt9O.s 			page 4


  66:Core/Src/usart.c ****     Error_Handler();
  67:Core/Src/usart.c ****   }
  68:Core/Src/usart.c ****   /* USER CODE BEGIN USART2_Init 2 */
  69:Core/Src/usart.c **** 
  70:Core/Src/usart.c ****   /* USER CODE END USART2_Init 2 */
  71:Core/Src/usart.c **** 
  72:Core/Src/usart.c **** }
 108              		.loc 1 72 1 view .LVU35
 109 0046 08BD     		pop	{r3, pc}
 110              	.L7:
  54:Core/Src/usart.c ****   }
 111              		.loc 1 54 5 is_stmt 1 view .LVU36
 112 0048 FFF7FEFF 		bl	Error_Handler
 113              	.LVL4:
 114 004c EDE7     		b	.L2
 115              	.L8:
  58:Core/Src/usart.c ****   }
 116              		.loc 1 58 5 view .LVU37
 117 004e FFF7FEFF 		bl	Error_Handler
 118              	.LVL5:
 119 0052 EFE7     		b	.L3
 120              	.L9:
  62:Core/Src/usart.c ****   }
 121              		.loc 1 62 5 view .LVU38
 122 0054 FFF7FEFF 		bl	Error_Handler
 123              	.LVL6:
 124 0058 F1E7     		b	.L4
 125              	.L10:
  66:Core/Src/usart.c ****   }
 126              		.loc 1 66 5 view .LVU39
 127 005a FFF7FEFF 		bl	Error_Handler
 128              	.LVL7:
 129              		.loc 1 72 1 is_stmt 0 view .LVU40
 130 005e F2E7     		b	.L1
 131              	.L12:
 132              		.align	2
 133              	.L11:
 134 0060 00000000 		.word	huart2
 135 0064 00440040 		.word	1073759232
 136              		.cfi_endproc
 137              	.LFE132:
 139              		.section	.text.HAL_UART_MspInit,"ax",%progbits
 140              		.align	1
 141              		.global	HAL_UART_MspInit
 142              		.syntax unified
 143              		.thumb
 144              		.thumb_func
 146              	HAL_UART_MspInit:
 147              	.LVL8:
 148              	.LFB133:
  73:Core/Src/usart.c **** 
  74:Core/Src/usart.c **** void HAL_UART_MspInit(UART_HandleTypeDef* uartHandle)
  75:Core/Src/usart.c **** {
 149              		.loc 1 75 1 is_stmt 1 view -0
 150              		.cfi_startproc
 151              		@ args = 0, pretend = 0, frame = 96
 152              		@ frame_needed = 0, uses_anonymous_args = 0
ARM GAS  C:\Users\John_\AppData\Local\Temp\ccdcQt9O.s 			page 5


 153              		.loc 1 75 1 is_stmt 0 view .LVU42
 154 0000 10B5     		push	{r4, lr}
 155              		.cfi_def_cfa_offset 8
 156              		.cfi_offset 4, -8
 157              		.cfi_offset 14, -4
 158 0002 98B0     		sub	sp, sp, #96
 159              		.cfi_def_cfa_offset 104
 160 0004 0446     		mov	r4, r0
  76:Core/Src/usart.c **** 
  77:Core/Src/usart.c ****   GPIO_InitTypeDef GPIO_InitStruct = {0};
 161              		.loc 1 77 3 is_stmt 1 view .LVU43
 162              		.loc 1 77 20 is_stmt 0 view .LVU44
 163 0006 0021     		movs	r1, #0
 164 0008 1391     		str	r1, [sp, #76]
 165 000a 1491     		str	r1, [sp, #80]
 166 000c 1591     		str	r1, [sp, #84]
 167 000e 1691     		str	r1, [sp, #88]
 168 0010 1791     		str	r1, [sp, #92]
  78:Core/Src/usart.c ****   RCC_PeriphCLKInitTypeDef PeriphClkInit = {0};
 169              		.loc 1 78 3 is_stmt 1 view .LVU45
 170              		.loc 1 78 28 is_stmt 0 view .LVU46
 171 0012 4422     		movs	r2, #68
 172 0014 02A8     		add	r0, sp, #8
 173              	.LVL9:
 174              		.loc 1 78 28 view .LVU47
 175 0016 FFF7FEFF 		bl	memset
 176              	.LVL10:
  79:Core/Src/usart.c ****   if(uartHandle->Instance==USART2)
 177              		.loc 1 79 3 is_stmt 1 view .LVU48
 178              		.loc 1 79 16 is_stmt 0 view .LVU49
 179 001a 2268     		ldr	r2, [r4]
 180              		.loc 1 79 5 view .LVU50
 181 001c 174B     		ldr	r3, .L19
 182 001e 9A42     		cmp	r2, r3
 183 0020 01D0     		beq	.L17
 184              	.L13:
  80:Core/Src/usart.c ****   {
  81:Core/Src/usart.c ****   /* USER CODE BEGIN USART2_MspInit 0 */
  82:Core/Src/usart.c **** 
  83:Core/Src/usart.c ****   /* USER CODE END USART2_MspInit 0 */
  84:Core/Src/usart.c **** 
  85:Core/Src/usart.c ****   /** Initializes the peripherals clocks
  86:Core/Src/usart.c ****   */
  87:Core/Src/usart.c ****     PeriphClkInit.PeriphClockSelection = RCC_PERIPHCLK_USART2;
  88:Core/Src/usart.c ****     PeriphClkInit.Usart2ClockSelection = RCC_USART2CLKSOURCE_PCLK1;
  89:Core/Src/usart.c ****     if (HAL_RCCEx_PeriphCLKConfig(&PeriphClkInit) != HAL_OK)
  90:Core/Src/usart.c ****     {
  91:Core/Src/usart.c ****       Error_Handler();
  92:Core/Src/usart.c ****     }
  93:Core/Src/usart.c **** 
  94:Core/Src/usart.c ****     /* USART2 clock enable */
  95:Core/Src/usart.c ****     __HAL_RCC_USART2_CLK_ENABLE();
  96:Core/Src/usart.c **** 
  97:Core/Src/usart.c ****     __HAL_RCC_GPIOB_CLK_ENABLE();
  98:Core/Src/usart.c ****     /**USART2 GPIO Configuration
  99:Core/Src/usart.c ****     PB3     ------> USART2_TX
 100:Core/Src/usart.c ****     PB4     ------> USART2_RX
ARM GAS  C:\Users\John_\AppData\Local\Temp\ccdcQt9O.s 			page 6


 101:Core/Src/usart.c ****     */
 102:Core/Src/usart.c ****     GPIO_InitStruct.Pin = GPIO_PIN_3|GPIO_PIN_4;
 103:Core/Src/usart.c ****     GPIO_InitStruct.Mode = GPIO_MODE_AF_PP;
 104:Core/Src/usart.c ****     GPIO_InitStruct.Pull = GPIO_NOPULL;
 105:Core/Src/usart.c ****     GPIO_InitStruct.Speed = GPIO_SPEED_FREQ_LOW;
 106:Core/Src/usart.c ****     GPIO_InitStruct.Alternate = GPIO_AF7_USART2;
 107:Core/Src/usart.c ****     HAL_GPIO_Init(GPIOB, &GPIO_InitStruct);
 108:Core/Src/usart.c **** 
 109:Core/Src/usart.c ****   /* USER CODE BEGIN USART2_MspInit 1 */
 110:Core/Src/usart.c **** 
 111:Core/Src/usart.c ****   /* USER CODE END USART2_MspInit 1 */
 112:Core/Src/usart.c ****   }
 113:Core/Src/usart.c **** }
 185              		.loc 1 113 1 view .LVU51
 186 0022 18B0     		add	sp, sp, #96
 187              		.cfi_remember_state
 188              		.cfi_def_cfa_offset 8
 189              		@ sp needed
 190 0024 10BD     		pop	{r4, pc}
 191              	.LVL11:
 192              	.L17:
 193              		.cfi_restore_state
  87:Core/Src/usart.c ****     PeriphClkInit.Usart2ClockSelection = RCC_USART2CLKSOURCE_PCLK1;
 194              		.loc 1 87 5 is_stmt 1 view .LVU52
  87:Core/Src/usart.c ****     PeriphClkInit.Usart2ClockSelection = RCC_USART2CLKSOURCE_PCLK1;
 195              		.loc 1 87 40 is_stmt 0 view .LVU53
 196 0026 0223     		movs	r3, #2
 197 0028 0293     		str	r3, [sp, #8]
  88:Core/Src/usart.c ****     if (HAL_RCCEx_PeriphCLKConfig(&PeriphClkInit) != HAL_OK)
 198              		.loc 1 88 5 is_stmt 1 view .LVU54
  89:Core/Src/usart.c ****     {
 199              		.loc 1 89 5 view .LVU55
  89:Core/Src/usart.c ****     {
 200              		.loc 1 89 9 is_stmt 0 view .LVU56
 201 002a 02A8     		add	r0, sp, #8
 202 002c FFF7FEFF 		bl	HAL_RCCEx_PeriphCLKConfig
 203              	.LVL12:
  89:Core/Src/usart.c ****     {
 204              		.loc 1 89 8 discriminator 1 view .LVU57
 205 0030 00BB     		cbnz	r0, .L18
 206              	.L15:
  95:Core/Src/usart.c **** 
 207              		.loc 1 95 5 is_stmt 1 view .LVU58
 208              	.LBB2:
  95:Core/Src/usart.c **** 
 209              		.loc 1 95 5 view .LVU59
  95:Core/Src/usart.c **** 
 210              		.loc 1 95 5 view .LVU60
 211 0032 134B     		ldr	r3, .L19+4
 212 0034 9A6D     		ldr	r2, [r3, #88]
 213 0036 42F40032 		orr	r2, r2, #131072
 214 003a 9A65     		str	r2, [r3, #88]
  95:Core/Src/usart.c **** 
 215              		.loc 1 95 5 view .LVU61
 216 003c 9A6D     		ldr	r2, [r3, #88]
 217 003e 02F40032 		and	r2, r2, #131072
 218 0042 0092     		str	r2, [sp]
ARM GAS  C:\Users\John_\AppData\Local\Temp\ccdcQt9O.s 			page 7


  95:Core/Src/usart.c **** 
 219              		.loc 1 95 5 view .LVU62
 220 0044 009A     		ldr	r2, [sp]
 221              	.LBE2:
  95:Core/Src/usart.c **** 
 222              		.loc 1 95 5 view .LVU63
  97:Core/Src/usart.c ****     /**USART2 GPIO Configuration
 223              		.loc 1 97 5 view .LVU64
 224              	.LBB3:
  97:Core/Src/usart.c ****     /**USART2 GPIO Configuration
 225              		.loc 1 97 5 view .LVU65
  97:Core/Src/usart.c ****     /**USART2 GPIO Configuration
 226              		.loc 1 97 5 view .LVU66
 227 0046 DA6C     		ldr	r2, [r3, #76]
 228 0048 42F00202 		orr	r2, r2, #2
 229 004c DA64     		str	r2, [r3, #76]
  97:Core/Src/usart.c ****     /**USART2 GPIO Configuration
 230              		.loc 1 97 5 view .LVU67
 231 004e DB6C     		ldr	r3, [r3, #76]
 232 0050 03F00203 		and	r3, r3, #2
 233 0054 0193     		str	r3, [sp, #4]
  97:Core/Src/usart.c ****     /**USART2 GPIO Configuration
 234              		.loc 1 97 5 view .LVU68
 235 0056 019B     		ldr	r3, [sp, #4]
 236              	.LBE3:
  97:Core/Src/usart.c ****     /**USART2 GPIO Configuration
 237              		.loc 1 97 5 view .LVU69
 102:Core/Src/usart.c ****     GPIO_InitStruct.Mode = GPIO_MODE_AF_PP;
 238              		.loc 1 102 5 view .LVU70
 102:Core/Src/usart.c ****     GPIO_InitStruct.Mode = GPIO_MODE_AF_PP;
 239              		.loc 1 102 25 is_stmt 0 view .LVU71
 240 0058 1823     		movs	r3, #24
 241 005a 1393     		str	r3, [sp, #76]
 103:Core/Src/usart.c ****     GPIO_InitStruct.Pull = GPIO_NOPULL;
 242              		.loc 1 103 5 is_stmt 1 view .LVU72
 103:Core/Src/usart.c ****     GPIO_InitStruct.Pull = GPIO_NOPULL;
 243              		.loc 1 103 26 is_stmt 0 view .LVU73
 244 005c 0223     		movs	r3, #2
 245 005e 1493     		str	r3, [sp, #80]
 104:Core/Src/usart.c ****     GPIO_InitStruct.Speed = GPIO_SPEED_FREQ_LOW;
 246              		.loc 1 104 5 is_stmt 1 view .LVU74
 104:Core/Src/usart.c ****     GPIO_InitStruct.Speed = GPIO_SPEED_FREQ_LOW;
 247              		.loc 1 104 26 is_stmt 0 view .LVU75
 248 0060 0023     		movs	r3, #0
 249 0062 1593     		str	r3, [sp, #84]
 105:Core/Src/usart.c ****     GPIO_InitStruct.Alternate = GPIO_AF7_USART2;
 250              		.loc 1 105 5 is_stmt 1 view .LVU76
 105:Core/Src/usart.c ****     GPIO_InitStruct.Alternate = GPIO_AF7_USART2;
 251              		.loc 1 105 27 is_stmt 0 view .LVU77
 252 0064 1693     		str	r3, [sp, #88]
 106:Core/Src/usart.c ****     HAL_GPIO_Init(GPIOB, &GPIO_InitStruct);
 253              		.loc 1 106 5 is_stmt 1 view .LVU78
 106:Core/Src/usart.c ****     HAL_GPIO_Init(GPIOB, &GPIO_InitStruct);
 254              		.loc 1 106 31 is_stmt 0 view .LVU79
 255 0066 0723     		movs	r3, #7
 256 0068 1793     		str	r3, [sp, #92]
 107:Core/Src/usart.c **** 
ARM GAS  C:\Users\John_\AppData\Local\Temp\ccdcQt9O.s 			page 8


 257              		.loc 1 107 5 is_stmt 1 view .LVU80
 258 006a 13A9     		add	r1, sp, #76
 259 006c 0548     		ldr	r0, .L19+8
 260 006e FFF7FEFF 		bl	HAL_GPIO_Init
 261              	.LVL13:
 262              		.loc 1 113 1 is_stmt 0 view .LVU81
 263 0072 D6E7     		b	.L13
 264              	.L18:
  91:Core/Src/usart.c ****     }
 265              		.loc 1 91 7 is_stmt 1 view .LVU82
 266 0074 FFF7FEFF 		bl	Error_Handler
 267              	.LVL14:
 268 0078 DBE7     		b	.L15
 269              	.L20:
 270 007a 00BF     		.align	2
 271              	.L19:
 272 007c 00440040 		.word	1073759232
 273 0080 00100240 		.word	1073876992
 274 0084 00040048 		.word	1207960576
 275              		.cfi_endproc
 276              	.LFE133:
 278              		.section	.text.HAL_UART_MspDeInit,"ax",%progbits
 279              		.align	1
 280              		.global	HAL_UART_MspDeInit
 281              		.syntax unified
 282              		.thumb
 283              		.thumb_func
 285              	HAL_UART_MspDeInit:
 286              	.LVL15:
 287              	.LFB134:
 114:Core/Src/usart.c **** 
 115:Core/Src/usart.c **** void HAL_UART_MspDeInit(UART_HandleTypeDef* uartHandle)
 116:Core/Src/usart.c **** {
 288              		.loc 1 116 1 view -0
 289              		.cfi_startproc
 290              		@ args = 0, pretend = 0, frame = 0
 291              		@ frame_needed = 0, uses_anonymous_args = 0
 292              		.loc 1 116 1 is_stmt 0 view .LVU84
 293 0000 08B5     		push	{r3, lr}
 294              		.cfi_def_cfa_offset 8
 295              		.cfi_offset 3, -8
 296              		.cfi_offset 14, -4
 117:Core/Src/usart.c **** 
 118:Core/Src/usart.c ****   if(uartHandle->Instance==USART2)
 297              		.loc 1 118 3 is_stmt 1 view .LVU85
 298              		.loc 1 118 16 is_stmt 0 view .LVU86
 299 0002 0268     		ldr	r2, [r0]
 300              		.loc 1 118 5 view .LVU87
 301 0004 064B     		ldr	r3, .L25
 302 0006 9A42     		cmp	r2, r3
 303 0008 00D0     		beq	.L24
 304              	.LVL16:
 305              	.L21:
 119:Core/Src/usart.c ****   {
 120:Core/Src/usart.c ****   /* USER CODE BEGIN USART2_MspDeInit 0 */
 121:Core/Src/usart.c **** 
 122:Core/Src/usart.c ****   /* USER CODE END USART2_MspDeInit 0 */
ARM GAS  C:\Users\John_\AppData\Local\Temp\ccdcQt9O.s 			page 9


 123:Core/Src/usart.c ****     /* Peripheral clock disable */
 124:Core/Src/usart.c ****     __HAL_RCC_USART2_CLK_DISABLE();
 125:Core/Src/usart.c **** 
 126:Core/Src/usart.c ****     /**USART2 GPIO Configuration
 127:Core/Src/usart.c ****     PB3     ------> USART2_TX
 128:Core/Src/usart.c ****     PB4     ------> USART2_RX
 129:Core/Src/usart.c ****     */
 130:Core/Src/usart.c ****     HAL_GPIO_DeInit(GPIOB, GPIO_PIN_3|GPIO_PIN_4);
 131:Core/Src/usart.c **** 
 132:Core/Src/usart.c ****   /* USER CODE BEGIN USART2_MspDeInit 1 */
 133:Core/Src/usart.c **** 
 134:Core/Src/usart.c ****   /* USER CODE END USART2_MspDeInit 1 */
 135:Core/Src/usart.c ****   }
 136:Core/Src/usart.c **** }
 306              		.loc 1 136 1 view .LVU88
 307 000a 08BD     		pop	{r3, pc}
 308              	.LVL17:
 309              	.L24:
 124:Core/Src/usart.c **** 
 310              		.loc 1 124 5 is_stmt 1 view .LVU89
 311 000c 054A     		ldr	r2, .L25+4
 312 000e 936D     		ldr	r3, [r2, #88]
 313 0010 23F40033 		bic	r3, r3, #131072
 314 0014 9365     		str	r3, [r2, #88]
 130:Core/Src/usart.c **** 
 315              		.loc 1 130 5 view .LVU90
 316 0016 1821     		movs	r1, #24
 317 0018 0348     		ldr	r0, .L25+8
 318              	.LVL18:
 130:Core/Src/usart.c **** 
 319              		.loc 1 130 5 is_stmt 0 view .LVU91
 320 001a FFF7FEFF 		bl	HAL_GPIO_DeInit
 321              	.LVL19:
 322              		.loc 1 136 1 view .LVU92
 323 001e F4E7     		b	.L21
 324              	.L26:
 325              		.align	2
 326              	.L25:
 327 0020 00440040 		.word	1073759232
 328 0024 00100240 		.word	1073876992
 329 0028 00040048 		.word	1207960576
 330              		.cfi_endproc
 331              	.LFE134:
 333              		.global	huart2
 334              		.section	.bss.huart2,"aw",%nobits
 335              		.align	2
 338              	huart2:
 339 0000 00000000 		.space	148
 339      00000000 
 339      00000000 
 339      00000000 
 339      00000000 
 340              		.text
 341              	.Letext0:
 342              		.file 2 "C:/Users/John_/AppData/Roaming/Code/User/globalStorage/bmd.stm32-for-vscode/@xpack-dev-to
 343              		.file 3 "C:/Users/John_/AppData/Roaming/Code/User/globalStorage/bmd.stm32-for-vscode/@xpack-dev-to
 344              		.file 4 "Drivers/CMSIS/Device/ST/STM32G4xx/Include/stm32g431xx.h"
ARM GAS  C:\Users\John_\AppData\Local\Temp\ccdcQt9O.s 			page 10


 345              		.file 5 "Drivers/STM32G4xx_HAL_Driver/Inc/stm32g4xx_hal_def.h"
 346              		.file 6 "Drivers/STM32G4xx_HAL_Driver/Inc/stm32g4xx_hal_rcc_ex.h"
 347              		.file 7 "Drivers/STM32G4xx_HAL_Driver/Inc/stm32g4xx_hal_gpio.h"
 348              		.file 8 "Drivers/STM32G4xx_HAL_Driver/Inc/stm32g4xx_hal_dma.h"
 349              		.file 9 "Drivers/STM32G4xx_HAL_Driver/Inc/stm32g4xx_hal_uart.h"
 350              		.file 10 "Drivers/STM32G4xx_HAL_Driver/Inc/stm32g4xx_hal_uart_ex.h"
 351              		.file 11 "Core/Inc/usart.h"
 352              		.file 12 "Core/Inc/main.h"
 353              		.file 13 "<built-in>"
ARM GAS  C:\Users\John_\AppData\Local\Temp\ccdcQt9O.s 			page 11


DEFINED SYMBOLS
                            *ABS*:00000000 usart.c
C:\Users\John_\AppData\Local\Temp\ccdcQt9O.s:21     .text.MX_USART2_UART_Init:00000000 $t
C:\Users\John_\AppData\Local\Temp\ccdcQt9O.s:27     .text.MX_USART2_UART_Init:00000000 MX_USART2_UART_Init
C:\Users\John_\AppData\Local\Temp\ccdcQt9O.s:134    .text.MX_USART2_UART_Init:00000060 $d
C:\Users\John_\AppData\Local\Temp\ccdcQt9O.s:338    .bss.huart2:00000000 huart2
C:\Users\John_\AppData\Local\Temp\ccdcQt9O.s:140    .text.HAL_UART_MspInit:00000000 $t
C:\Users\John_\AppData\Local\Temp\ccdcQt9O.s:146    .text.HAL_UART_MspInit:00000000 HAL_UART_MspInit
C:\Users\John_\AppData\Local\Temp\ccdcQt9O.s:272    .text.HAL_UART_MspInit:0000007c $d
C:\Users\John_\AppData\Local\Temp\ccdcQt9O.s:279    .text.HAL_UART_MspDeInit:00000000 $t
C:\Users\John_\AppData\Local\Temp\ccdcQt9O.s:285    .text.HAL_UART_MspDeInit:00000000 HAL_UART_MspDeInit
C:\Users\John_\AppData\Local\Temp\ccdcQt9O.s:327    .text.HAL_UART_MspDeInit:00000020 $d
C:\Users\John_\AppData\Local\Temp\ccdcQt9O.s:335    .bss.huart2:00000000 $d

UNDEFINED SYMBOLS
HAL_UART_Init
HAL_UARTEx_SetTxFifoThreshold
HAL_UARTEx_SetRxFifoThreshold
HAL_UARTEx_DisableFifoMode
Error_Handler
memset
HAL_RCCEx_PeriphCLKConfig
HAL_GPIO_Init
HAL_GPIO_DeInit
